c:\work\stm32u5\ew\cmsis-stream\makefile\windows\stream\debug\vc142.pdb
c:\work\stm32u5\ew\cmsis-stream\makefile\windows\stream\debug\vc142.idb
c:\work\stm32u5\ew\cmsis-stream\makefile\windows\stream\debug\stream_io.obj
c:\work\stm32u5\ew\cmsis-stream\makefile\windows\stream\debug\stream_demo.obj
c:\work\stm32u5\ew\cmsis-stream\makefile\windows\stream\debug\stream_scheduler.obj
c:\work\stm32u5\ew\cmsis-stream\makefile\windows\stream\debug\platform_io.obj
c:\work\stm32u5\ew\cmsis-stream\makefile\windows\stream\debug\platform_al.obj
c:\work\stm32u5\ew\cmsis-stream\makefile\windows\stream\debug\stream_services.obj
c:\work\stm32u5\ew\cmsis-stream\makefile\windows\stream\debug\stream_ptr_int.obj
c:\work\stm32u5\ew\cmsis-stream\makefile\windows\stream\debug\stream_main.obj
c:\work\stm32u5\ew\cmsis-stream\makefile\windows\stream\debug\stream_nodes.obj
c:\work\stm32u5\ew\cmsis-stream\makefile\windows\stream\debug\arm_equ_f32.obj
c:\work\stm32u5\ew\cmsis-stream\makefile\windows\stream\debug\arm_format_converter.obj
c:\work\stm32u5\ew\cmsis-stream\makefile\windows\stream\debug\arm_code_imadpcm.obj
c:\work\stm32u5\ew\cmsis-stream\makefile\windows\stream\debug\main.obj
c:\work\stm32u5\ew\cmsis-stream\makefile\windows\stream\debug\arm_tiny_vad.obj
c:\work\stm32u5\ew\cmsis-stream\makefile\windows\stream\debug\arm_stream_split.obj
c:\work\stm32u5\ew\cmsis-stream\makefile\windows\stream\debug\arm_stream_route.obj
c:\work\stm32u5\ew\cmsis-stream\makefile\windows\stream\debug\arm_stream_mixer.obj
c:\work\stm32u5\ew\cmsis-stream\makefile\windows\stream\debug\arm_stream_merge.obj
c:\work\stm32u5\ew\cmsis-stream\makefile\windows\stream\debug\arm_gating.obj
c:\work\stm32u5\ew\cmsis-stream\makefile\windows\stream\debug\arm_rate_converter.obj
c:\work\stm32u5\ew\cmsis-stream\makefile\windows\stream\debug\arm_filter.obj
c:\work\stm32u5\ew\cmsis-stream\makefile\windows\stream\debug\arm_stream_amplitude.obj
c:\work\stm32u5\ew\cmsis-stream\makefile\windows\stream\debug\arm_decompress.obj
c:\work\stm32u5\ew\cmsis-stream\makefile\windows\stream\debug\arm_compress.obj
c:\work\stm32u5\ew\cmsis-stream\makefile\windows\stream\debug\stream.ilk
c:\work\stm32u5\ew\cmsis-stream\makefile\windows\stream\debug\stream.exe
c:\work\stm32u5\ew\cmsis-stream\makefile\windows\stream\debug\stream.pdb
c:\work\stm32u5\ew\cmsis-stream\makefile\windows\stream\debug\stream.tlog\cl.command.1.tlog
c:\work\stm32u5\ew\cmsis-stream\makefile\windows\stream\debug\stream.tlog\cl.read.1.tlog
c:\work\stm32u5\ew\cmsis-stream\makefile\windows\stream\debug\stream.tlog\cl.write.1.tlog
c:\work\stm32u5\ew\cmsis-stream\makefile\windows\stream\debug\stream.tlog\link.command.1.tlog
c:\work\stm32u5\ew\cmsis-stream\makefile\windows\stream\debug\stream.tlog\link.read.1.tlog
c:\work\stm32u5\ew\cmsis-stream\makefile\windows\stream\debug\stream.tlog\link.write.1.tlog
