  platform_al.c
  platform_io.c
  main.c
  stream_demo.c
  arm_codec.c
  arm_code_imadpcm.c
  arm_data_conditioning.c
  arm_stream_amplitude.c
  arm_stream_converter.c
  arm_dsp_filter.c
  arm_rate_converter.c
  arm_stream_detector.c
  arm_stream_generator.c
  arm_stream_merge.c
  arm_stream_mixer.c
  arm_stream_route.c
  arm_script.c
  arm_stream_split.c
  stream_nodes.c
  stream_io.c
  Generating Code...
  Compiling...
  stream_main.c
  stream_ptr_int.c
  stream_scheduler.c
  stream_services.c
  Generating Code...
  STREAM.vcxproj -> C:\Work\GITHUB_LLF\CMSIS-Stream\makefile\windows\STREAM\Debug\STREAM.exe
