  arm_stream_amplifier.c
  arm_stream_amplifier_process.c
  arm_stream_analysis.c
  arm_stream_analysis_process.c
  arm_stream_demodulator.c
  arm_stream_demodulator_process.c
  arm_stream_filter2D.c
  arm_stream_filter.c
C:\Work\GITHUB_LLF\GRAPH_INTERPRETER\stream_nodes\arm\filter\arm_stream_filter.c(257,62): warning C4312: 'type cast': conversion from 'intPtr_t' to 'int16_t *' of greater size
C:\Work\GITHUB_LLF\GRAPH_INTERPRETER\stream_nodes\arm\filter\arm_stream_filter.c(259,65): warning C4312: 'type cast': conversion from 'intPtr_t' to 'int16_t *' of greater size
  arm_stream_format_converter.c
  arm_stream_format_converter_process.c
  arm_stream_mixer.c
  arm_stream_mixer_process.c
  arm_stream_modulator.c
  arm_stream_modulator_process.c
  arm_stream_qos.c
  arm_stream_qos_process.c
  arm_stream_rescaler.c
  arm_stream_rescaler_process.c
  arm_stream_router.c
  arm_stream_router_process.c
  Generating Code...
  Compiling...
  arm_stream_script.c
C:\Work\GITHUB_LLF\GRAPH_INTERPRETER\stream_nodes\arm\script\arm_stream_script.c(100,71): warning C4311: 'type cast': pointer truncation from 'void *' to 'intPtr_t'
C:\Work\GITHUB_LLF\GRAPH_INTERPRETER\stream_nodes\arm\script\arm_stream_script.c(100,71): warning C4312: 'type cast': conversion from 'intPtr_t' to 'stream_al_services (__cdecl *)' of greater size
C:\Work\GITHUB_LLF\GRAPH_INTERPRETER\stream_nodes\arm\script\arm_stream_script.c(129,83): warning C4312: 'type cast': conversion from 'intPtr_t' to 'arm_stream_instance_t *' of greater size
C:\Work\GITHUB_LLF\GRAPH_INTERPRETER\stream_nodes\arm\script\arm_stream_script.c(130,77): warning C4312: 'type cast': conversion from 'intPtr_t' to 'uint32_t *' of greater size
C:\Work\GITHUB_LLF\GRAPH_INTERPRETER\stream_nodes\arm\script\arm_stream_script.c(131,74): warning C4312: 'type cast': conversion from 'intPtr_t' to 'regdata_t *' of greater size
  arm_stream_script_process.c
C:\Work\GITHUB_LLF\GRAPH_INTERPRETER\stream_nodes\arm\script\arm_stream_script_process.c(538,52): warning C4312: 'type cast': conversion from 'int32_t' to 'void *' of greater size
C:\Work\GITHUB_LLF\GRAPH_INTERPRETER\stream_nodes\arm\script\arm_stream_script_process.c(539,53): warning C4312: 'type cast': conversion from 'int32_t' to 'void *' of greater size
C:\Work\GITHUB_LLF\GRAPH_INTERPRETER\stream_nodes\arm\script\arm_stream_script_process.c(540,53): warning C4312: 'type cast': conversion from 'int32_t' to 'void *' of greater size
  arm_stream_split.c
  bitbank_JPEGENC.c
  TjpgDec.c
  sigp_stream_compressor.c
C:\Work\GITHUB_LLF\GRAPH_INTERPRETER\stream_nodes\signal-processingFR\compressor\sigp_stream_compressor.c(104,105): warning C4312: 'type cast': conversion from 'intPtr_t' to 'sigp_stream_compressor_instance *' of greater size
C:\Work\GITHUB_LLF\GRAPH_INTERPRETER\stream_nodes\signal-processingFR\compressor\sigp_stream_compressor.c(105,54): warning C4312: 'type cast': conversion from 'intPtr_t' to 'uint32_t *' of greater size
C:\Work\GITHUB_LLF\GRAPH_INTERPRETER\stream_nodes\signal-processingFR\compressor\sigp_stream_compressor.c(113,83): warning C4311: 'type cast': pointer truncation from 'void *' to 'intPtr_t'
C:\Work\GITHUB_LLF\GRAPH_INTERPRETER\stream_nodes\signal-processingFR\compressor\sigp_stream_compressor.c(113,83): warning C4312: 'type cast': conversion from 'intPtr_t' to 'stream_al_services (__cdecl *)' of greater size
C:\Work\GITHUB_LLF\GRAPH_INTERPRETER\stream_nodes\signal-processingFR\compressor\sigp_stream_compressor.c(135,63): warning C4312: 'type cast': conversion from 'intPtr_t' to 'int16_t *' of greater size
C:\Work\GITHUB_LLF\GRAPH_INTERPRETER\stream_nodes\signal-processingFR\compressor\sigp_stream_compressor.c(138,66): warning C4312: 'type cast': conversion from 'intPtr_t' to 'uint8_t *' of greater size
  sigp_stream_compressor_imadpcm.c
  sigp_stream_compressor_process.c
  sigp_stream_converter.c
  sigp_stream_converter_coefs.c
  sigp_stream_converter_process.c
  sigp_stream_decompressor.c
C:\Work\GITHUB_LLF\GRAPH_INTERPRETER\stream_nodes\signal-processingFR\decompressor\sigp_stream_decompressor.c(112,109): warning C4312: 'type cast': conversion from 'intPtr_t' to 'sigp_stream_decompressor_instance *' of greater size
C:\Work\GITHUB_LLF\GRAPH_INTERPRETER\stream_nodes\signal-processingFR\decompressor\sigp_stream_decompressor.c(113,54): warning C4312: 'type cast': conversion from 'intPtr_t' to 'uint32_t *' of greater size
C:\Work\GITHUB_LLF\GRAPH_INTERPRETER\stream_nodes\signal-processingFR\decompressor\sigp_stream_decompressor.c(121,83): warning C4311: 'type cast': pointer truncation from 'void *' to 'intPtr_t'
C:\Work\GITHUB_LLF\GRAPH_INTERPRETER\stream_nodes\signal-processingFR\decompressor\sigp_stream_decompressor.c(121,83): warning C4312: 'type cast': conversion from 'intPtr_t' to 'stream_al_services (__cdecl *)' of greater size
C:\Work\GITHUB_LLF\GRAPH_INTERPRETER\stream_nodes\signal-processingFR\decompressor\sigp_stream_decompressor.c(148,63): warning C4312: 'type cast': conversion from 'intPtr_t' to 'uint8_t *' of greater size
C:\Work\GITHUB_LLF\GRAPH_INTERPRETER\stream_nodes\signal-processingFR\decompressor\sigp_stream_decompressor.c(151,66): warning C4312: 'type cast': conversion from 'intPtr_t' to 'int16_t *' of greater size
  sigp_stream_decompressor_imadpcm.c
  sigp_stream_detector2D.c
  sigp_stream_detector2D_process.c
  sigp_stream_detector.c
C:\Work\GITHUB_LLF\GRAPH_INTERPRETER\stream_nodes\signal-processingFR\detector\sigp_stream_detector.c(115,89): warning C4312: 'type cast': conversion from 'intPtr_t' to 'sigp_detector_instance *' of greater size
C:\Work\GITHUB_LLF\GRAPH_INTERPRETER\stream_nodes\signal-processingFR\detector\sigp_stream_detector.c(116,69): warning C4312: 'type cast': conversion from 'intPtr_t' to 'sigp_backup_memory *' of greater size
C:\Work\GITHUB_LLF\GRAPH_INTERPRETER\stream_nodes\signal-processingFR\detector\sigp_stream_detector.c(195,47): warning C4312: 'type cast': conversion from 'intPtr_t' to 'int16_t *' of greater size
C:\Work\GITHUB_LLF\GRAPH_INTERPRETER\stream_nodes\signal-processingFR\detector\sigp_stream_detector.c(198,50): warning C4312: 'type cast': conversion from 'intPtr_t' to 'int16_t *' of greater size
  sigp_stream_detector_process.c
  sigp_stream_resampler.c
  sigp_stream_resampler_process.c
  platform_computer.c
C:\Work\GITHUB_LLF\GRAPH_INTERPRETER\stream_platform\computer\platform_computer.c(282,38): warning C4311: 'type cast': pointer truncation from 'uint8_t *' to 'sintPtr_t'
C:\Work\GITHUB_LLF\GRAPH_INTERPRETER\stream_platform\computer\platform_computer.c(282,70): warning C4311: 'type cast': pointer truncation from 'uint8_t *' to 'sintPtr_t'
C:\Work\GITHUB_LLF\GRAPH_INTERPRETER\stream_platform\computer\platform_computer.c(317,32): warning C4311: 'type cast': pointer truncation from 'uint8_t *' to 'intPtr_t'
C:\Work\GITHUB_LLF\GRAPH_INTERPRETER\stream_platform\computer\platform_computer.c(323,66): warning C4312: 'type cast': conversion from 'intPtr_t' to 'void *' of greater size
C:\Work\GITHUB_LLF\GRAPH_INTERPRETER\stream_platform\computer\platform_computer.c(607,90): warning C4311: 'type cast': pointer truncation from 'uint32_t *' to 'intPtr_t'
C:\Work\GITHUB_LLF\GRAPH_INTERPRETER\stream_platform\computer\platform_computer.c(632,13): warning C4312: 'type cast': conversion from 'intPtr_t' to 'uint8_t *' of greater size
  Generating Code...
  Compiling...
  platform_computer_io_services.c
C:\Work\GITHUB_LLF\GRAPH_INTERPRETER\stream_platform\computer\platform_computer_io_services.c(144,64): warning C4312: 'type cast': conversion from 'intPtr_t' to 'uint32_t *' of greater size
C:\Work\GITHUB_LLF\GRAPH_INTERPRETER\stream_platform\computer\platform_computer_io_services.c(151,56): warning C4311: 'type cast': pointer truncation from 'int16_t [16]' to 'intPtr_t'
C:\Work\GITHUB_LLF\GRAPH_INTERPRETER\stream_platform\computer\platform_computer_io_services.c(157,63): warning C4267: '=': conversion from 'size_t' to 'int32_t', possible loss of data
C:\Work\GITHUB_LLF\GRAPH_INTERPRETER\stream_platform\computer\platform_computer_io_services.c(194,64): warning C4312: 'type cast': conversion from 'intPtr_t' to 'uint32_t *' of greater size
C:\Work\GITHUB_LLF\GRAPH_INTERPRETER\stream_platform\computer\platform_computer_io_services.c(202,78): warning C4267: '=': conversion from 'size_t' to 'int32_t', possible loss of data
C:\Work\GITHUB_LLF\GRAPH_INTERPRETER\stream_platform\computer\platform_computer_io_services.c(325,57): warning C4311: 'type cast': pointer truncation from 'uint32_t [8]' to 'intPtr_t'
C:\Work\GITHUB_LLF\GRAPH_INTERPRETER\stream_platform\computer\platform_computer_io_services.c(383,57): warning C4311: 'type cast': pointer truncation from 'int16_t [16]' to 'intPtr_t'
  platform_computer_services.c
C:\Work\GITHUB_LLF\GRAPH_INTERPRETER\stream_platform\computer\platform_computer_services.c(44,10): fatal error C1083: Cannot open include file: 'stream_libraries/CMSIS-DSP/Include/dsp/Computer_filtering_functions.h': No such file or directory
  Computer_arm_biquad_cascade_df1_fast_q15.c
c1 : fatal error C1083: Cannot open source file: '..\..\..\..\stream_platform\computer\stream_libraries\CMSIS-DSP\Source\FilteringFunctions\Computer_arm_biquad_cascade_df1_fast_q15.c': No such file or directory
  Computer_arm_biquad_cascade_df1_init_q15.c
c1 : fatal error C1083: Cannot open source file: '..\..\..\..\stream_platform\computer\stream_libraries\CMSIS-DSP\Source\FilteringFunctions\Computer_arm_biquad_cascade_df1_init_q15.c': No such file or directory
  platform_lp-mspm0l1306.c
  platform_lp-mspm0l1306_io_services.c
  platform_lp-mspm0l1306_services.c
  stream_graph_interpreter.c
  stream_io.c
  stream_scheduler.c
C:\Work\GITHUB_LLF\GRAPH_INTERPRETER\stream_src\stream_scheduler.c(142,32): warning C4311: 'type cast': pointer truncation from 'uint8_t *' to 'intPtr_t'
C:\Work\GITHUB_LLF\GRAPH_INTERPRETER\stream_src\stream_scheduler.c(489,42): warning C4311: 'type cast': pointer truncation from 'arm_stream_instance_t *' to 'intPtr_t'
C:\Work\GITHUB_LLF\GRAPH_INTERPRETER\stream_src\stream_scheduler.c(490,44): warning C4311: 'type cast': pointer truncation from 'uint32_t *' to 'intPtr_t'
C:\Work\GITHUB_LLF\GRAPH_INTERPRETER\stream_src\stream_scheduler.c(491,47): warning C4311: 'type cast': pointer truncation from 'uint32_t *' to 'intPtr_t'
C:\Work\GITHUB_LLF\GRAPH_INTERPRETER\stream_src\stream_scheduler.c(538,101): warning C4311: 'type cast': pointer truncation from 'uint8_t *' to 'intPtr_t'
C:\Work\GITHUB_LLF\GRAPH_INTERPRETER\stream_src\stream_scheduler.c(576,100): warning C4311: 'type cast': pointer truncation from 'uint8_t *' to 'intPtr_t'
C:\Work\GITHUB_LLF\GRAPH_INTERPRETER\stream_src\stream_scheduler.c(656,31): warning C4311: 'type cast': pointer truncation from 'intPtr_t *' to 'uint32_t'
C:\Work\GITHUB_LLF\GRAPH_INTERPRETER\stream_src\stream_scheduler.c(775,45): warning C4311: 'type cast': pointer truncation from 'uint8_t *' to 'intPtr_t'
C:\Work\GITHUB_LLF\GRAPH_INTERPRETER\stream_src\stream_scheduler.c(984,10): warning C4312: 'type cast': conversion from 'intPtr_t' to 'stream_handle_t' of greater size
C:\Work\GITHUB_LLF\GRAPH_INTERPRETER\stream_src\stream_scheduler.c(1110,59): warning C4311: 'type cast': pointer truncation from 'stream_handle_t' to 'intPtr_t'
  main_call_lp-mspm0l1306.c
  main.c
  main_call_computer.c
  Generating Code...
