  platform_al.c
C:\Work\stm32u5\EW\CMSIS-Stream\stream_al\platform_al.c(74,26): warning C4311: 'type cast': pointer truncation from 'uint32_t *' to 'intPtr_t'
C:\Work\stm32u5\EW\CMSIS-Stream\stream_al\platform_al.c(75,26): warning C4311: 'type cast': pointer truncation from 'uint32_t *' to 'intPtr_t'
C:\Work\stm32u5\EW\CMSIS-Stream\stream_al\platform_al.c(76,26): warning C4311: 'type cast': pointer truncation from 'uint32_t *' to 'intPtr_t'
C:\Work\stm32u5\EW\CMSIS-Stream\stream_al\platform_al.c(77,26): warning C4311: 'type cast': pointer truncation from 'uint32_t *' to 'intPtr_t'
C:\Work\stm32u5\EW\CMSIS-Stream\stream_al\platform_al.c(78,26): warning C4311: 'type cast': pointer truncation from 'uint32_t *' to 'intPtr_t'
C:\Work\stm32u5\EW\CMSIS-Stream\stream_al\platform_al.c(79,26): warning C4311: 'type cast': pointer truncation from 'uint32_t *' to 'intPtr_t'
C:\Work\stm32u5\EW\CMSIS-Stream\stream_al\platform_al.c(80,26): warning C4311: 'type cast': pointer truncation from 'uint32_t *' to 'intPtr_t'
C:\Work\stm32u5\EW\CMSIS-Stream\stream_al\platform_al.c(81,26): warning C4311: 'type cast': pointer truncation from 'const uint32_t [0]' to 'intPtr_t'
C:\Work\stm32u5\EW\CMSIS-Stream\stream_al\platform_al.c(132,41): warning C4047: '=': 'uint8_t' differs in levels of indirection from 'uint8_t *'
  platform_io.c
C:\Work\stm32u5\EW\CMSIS-Stream\stream_al\platform_io.c(162,86): warning C4312: 'type cast': conversion from 'uint32_t' to 'uint8_t *' of greater size
  main.c
  stream_demo.c
C:\Work\stm32u5\EW\CMSIS-Stream\stream_demo\stream_demo.c(90,47): warning C4047: 'function': 'uint8_t *' differs in levels of indirection from 'intPtr_t **'
C:\Work\stm32u5\EW\CMSIS-Stream\stream_demo\stream_demo.c(90,35): warning C4024: 'platform_al': different types for formal and actual parameter 2
C:\Work\stm32u5\EW\CMSIS-Stream\stream_demo\stream_demo.c(93,30): warning C4090: '=': different 'const' qualifiers
C:\Work\stm32u5\EW\CMSIS-Stream\stream_demo\stream_demo.c(95,22): warning C4090: '=': different 'const' qualifiers
C:\Work\stm32u5\EW\CMSIS-Stream\stream_demo\stream_demo.c(96,22): warning C4090: '=': different 'const' qualifiers
C:\Work\stm32u5\EW\CMSIS-Stream\stream_demo\stream_demo.c(98,13): warning C4311: 'type cast': pointer truncation from 'const uint32_t *' to 'uint32_t'
C:\Work\stm32u5\EW\CMSIS-Stream\stream_demo\stream_demo.c(124,46): warning C4133: 'function': incompatible types - from 'intPtr_t *' to 'uint8_t *'
C:\Work\stm32u5\EW\CMSIS-Stream\stream_demo\stream_demo.c(142,64): warning C4090: '=': different 'const' qualifiers
C:\Work\stm32u5\EW\CMSIS-Stream\stream_demo\stream_demo.c(149,34): warning C4090: '=': different 'const' qualifiers
C:\Work\stm32u5\EW\CMSIS-Stream\stream_demo\stream_demo.c(173,91): warning C4312: 'type cast': conversion from 'intPtr_t' to 'stream_local_instance *' of greater size
C:\Work\stm32u5\EW\CMSIS-Stream\stream_demo\stream_demo.c(177,25): warning C4090: '=': different 'const' qualifiers
C:\Work\stm32u5\EW\CMSIS-Stream\stream_demo\stream_demo.c(198,44): warning C4090: '=': different 'const' qualifiers
C:\Work\stm32u5\EW\CMSIS-Stream\stream_demo\stream_demo.c(199,22): warning C4013: 'GRAPH_NB_IO' undefined; assuming extern returning int
C:\Work\stm32u5\EW\CMSIS-Stream\stream_demo\stream_demo.c(107,10): error C2196: case value '0' already used
  arm_compress.c
  arm_decompress.c
  arm_code_imadpcm.c
  arm_stream_amplitude.c
C:\Work\stm32u5\EW\CMSIS-Stream\stream_nodes\arm\dsp_amp\arm_stream_amplitude.c(81,98): warning C4312: 'type cast': conversion from 'uint32_t' to 'arm_stream_amplitude_instance *' of greater size
C:\Work\stm32u5\EW\CMSIS-Stream\stream_nodes\arm\dsp_amp\arm_stream_amplitude.c(82,52): warning C4312: 'type cast': conversion from 'uint32_t' to 'uint32_t *' of greater size
  arm_format_converter.c
C:\Work\stm32u5\EW\CMSIS-Stream\stream_nodes\arm\dsp_convert\arm_format_converter.c(59,14): warning C4101: 'p32': unreferenced local variable
  arm_filter.c
C:\Work\stm32u5\EW\CMSIS-Stream\stream_nodes\arm\dsp_filter\arm_filter.c(81,92): warning C4312: 'type cast': conversion from 'uint32_t' to 'arm_stream_filter_instance *' of greater size
C:\Work\stm32u5\EW\CMSIS-Stream\stream_nodes\arm\dsp_filter\arm_filter.c(82,52): warning C4312: 'type cast': conversion from 'uint32_t' to 'uint32_t *' of greater size
  arm_rate_converter.c
C:\Work\stm32u5\EW\CMSIS-Stream\stream_nodes\arm\dsp_src\arm_rate_converter.c(81,108): warning C4312: 'type cast': conversion from 'uint32_t' to 'arm_stream_rate_converter_instance *' of greater size
C:\Work\stm32u5\EW\CMSIS-Stream\stream_nodes\arm\dsp_src\arm_rate_converter.c(82,52): warning C4312: 'type cast': conversion from 'uint32_t' to 'uint32_t *' of greater size
  arm_stream_detector.c
C:\Work\stm32u5\EW\CMSIS-Stream\stream_nodes\arm\gate\arm_stream_detector.c(163,96): warning C4312: 'type cast': conversion from 'uint32_t' to 'arm_stream_detector_instance *' of greater size
C:\Work\stm32u5\EW\CMSIS-Stream\stream_nodes\arm\gate\arm_stream_detector.c(169,42): warning C4311: 'type cast': pointer truncation from 'void *' to 'uint32_t'
C:\Work\stm32u5\EW\CMSIS-Stream\stream_nodes\arm\gate\arm_stream_detector.c(218,58): warning C4311: 'type cast': pointer truncation from 'float *' to 'intPtr_t'
C:\Work\stm32u5\EW\CMSIS-Stream\stream_nodes\arm\gate\arm_stream_detector.c(220,60): warning C4311: 'type cast': pointer truncation from 'float *' to 'intPtr_t'
C:\Work\stm32u5\EW\CMSIS-Stream\stream_nodes\arm\gate\arm_stream_detector.c(239,58): warning C4311: 'type cast': pointer truncation from 'int16_t *' to 'intPtr_t'
C:\Work\stm32u5\EW\CMSIS-Stream\stream_nodes\arm\gate\arm_stream_detector.c(241,60): warning C4311: 'type cast': pointer truncation from 'int16_t *' to 'intPtr_t'
  arm_stream_merge.c
C:\Work\stm32u5\EW\CMSIS-Stream\stream_nodes\arm\merge\arm_stream_merge.c(81,90): warning C4312: 'type cast': conversion from 'uint32_t' to 'arm_stream_merge_instance *' of greater size
C:\Work\stm32u5\EW\CMSIS-Stream\stream_nodes\arm\merge\arm_stream_merge.c(82,52): warning C4312: 'type cast': conversion from 'uint32_t' to 'uint32_t *' of greater size
  arm_stream_mixer.c
C:\Work\stm32u5\EW\CMSIS-Stream\stream_nodes\arm\mixer\arm_stream_mixer.c(81,90): warning C4312: 'type cast': conversion from 'uint32_t' to 'arm_stream_mixer_instance *' of greater size
C:\Work\stm32u5\EW\CMSIS-Stream\stream_nodes\arm\mixer\arm_stream_mixer.c(82,52): warning C4312: 'type cast': conversion from 'uint32_t' to 'uint32_t *' of greater size
  arm_stream_route.c
C:\Work\stm32u5\EW\CMSIS-Stream\stream_nodes\arm\route\arm_stream_route.c(81,90): warning C4312: 'type cast': conversion from 'uint32_t' to 'arm_stream_route_instance *' of greater size
C:\Work\stm32u5\EW\CMSIS-Stream\stream_nodes\arm\route\arm_stream_route.c(82,52): warning C4312: 'type cast': conversion from 'uint32_t' to 'uint32_t *' of greater size
  arm_script.c
C:\Work\stm32u5\EW\CMSIS-Stream\stream_nodes\arm\script\arm_script.c(83,78): warning C4312: 'type cast': conversion from 'uint32_t' to 'arm_script_instance *' of greater size
C:\Work\stm32u5\EW\CMSIS-Stream\stream_nodes\arm\script\arm_script.c(84,52): warning C4312: 'type cast': conversion from 'uint32_t' to 'uint32_t *' of greater size
C:\Work\stm32u5\EW\CMSIS-Stream\stream_nodes\arm\script\arm_script.c(185,39): warning C4020: 'arm_script_run': too many actual parameters
  arm_stream_split.c
C:\Work\stm32u5\EW\CMSIS-Stream\stream_nodes\arm\split\arm_stream_split.c(94,90): warning C4312: 'type cast': conversion from 'uint32_t' to 'arm_stream_split_instance *' of greater size
C:\Work\stm32u5\EW\CMSIS-Stream\stream_nodes\arm\split\arm_stream_split.c(95,52): warning C4312: 'type cast': conversion from 'uint32_t' to 'uint32_t *' of greater size
  stream_nodes.c
  stream_io.c
C:\Work\stm32u5\EW\CMSIS-Stream\stream_src\stream_io.c(56,47): warning C4047: 'function': 'uint8_t *' differs in levels of indirection from 'intPtr_t **'
C:\Work\stm32u5\EW\CMSIS-Stream\stream_src\stream_io.c(56,35): warning C4024: 'platform_al': different types for formal and actual parameter 2
  stream_main.c
  Generating Code...
  Compiling...
  stream_ptr_int.c
C:\Work\stm32u5\EW\CMSIS-Stream\stream_src\stream_ptr_int.c(46,23): warning C4312: 'type cast': conversion from 'intPtr_t' to 'void *' of greater size
C:\Work\stm32u5\EW\CMSIS-Stream\stream_src\stream_ptr_int.c(61,24): warning C4311: 'type cast': pointer truncation from 'void *' to 'intPtr_t'
C:\Work\stm32u5\EW\CMSIS-Stream\stream_src\stream_ptr_int.c(66,24): warning C4311: 'type cast': pointer truncation from 'uint8_t *' to 'intPtr_t'
  stream_scheduler.c
C:\Work\stm32u5\EW\CMSIS-Stream\stream_src\stream_scheduler.c(361,86): warning C4312: 'type cast': conversion from 'intPtr_t' to 'uint8_t *' of greater size
C:\Work\stm32u5\EW\CMSIS-Stream\stream_src\stream_scheduler.c(373,99): warning C4312: 'type cast': conversion from 'intPtr_t' to 'uint8_t *' of greater size
C:\Work\stm32u5\EW\CMSIS-Stream\stream_src\stream_scheduler.c(575,51): warning C4047: 'function': 'uint8_t *' differs in levels of indirection from 'intPtr_t **'
C:\Work\stm32u5\EW\CMSIS-Stream\stream_src\stream_scheduler.c(575,39): warning C4024: 'platform_al': different types for formal and actual parameter 2
C:\Work\stm32u5\EW\CMSIS-Stream\stream_src\stream_scheduler.c(576,94): warning C4312: 'type cast': conversion from 'intPtr_t' to 'stream_local_instance *' of greater size
C:\Work\stm32u5\EW\CMSIS-Stream\stream_src\stream_scheduler.c(584,22): warning C4013: 'GRAPH_NB_IO' undefined; assuming extern returning int
C:\Work\stm32u5\EW\CMSIS-Stream\stream_src\stream_scheduler.c(744,45): warning C4312: 'type cast': conversion from 'uint32_t' to 'uint32_t *' of greater size
C:\Work\stm32u5\EW\CMSIS-Stream\stream_src\stream_scheduler.c(782,65): warning C4312: 'type cast': conversion from 'uint32_t' to 'intPtr_t *' of greater size
C:\Work\stm32u5\EW\CMSIS-Stream\stream_src\stream_scheduler.c(668,25): warning C4101: 'i': unreferenced local variable
  stream_services.c
  Generating Code...
