c:\work\stm32u5\ew\cmsis-stream\makefile\windows\stream\x64\debug\vc142.pdb
c:\work\stm32u5\ew\cmsis-stream\makefile\windows\stream\x64\debug\vc142.idb
c:\work\stm32u5\ew\cmsis-stream\makefile\windows\stream\x64\debug\stream_services.obj
c:\work\stm32u5\ew\cmsis-stream\makefile\windows\stream\x64\debug\stream_scheduler.obj
c:\work\stm32u5\ew\cmsis-stream\makefile\windows\stream\x64\debug\stream_ptr_int.obj
c:\work\stm32u5\ew\cmsis-stream\makefile\windows\stream\x64\debug\stream_main.obj
c:\work\stm32u5\ew\cmsis-stream\makefile\windows\stream\x64\debug\stream_io.obj
c:\work\stm32u5\ew\cmsis-stream\makefile\windows\stream\x64\debug\stream_nodes.obj
c:\work\stm32u5\ew\cmsis-stream\makefile\windows\stream\x64\debug\arm_equ_f32.obj
c:\work\stm32u5\ew\cmsis-stream\makefile\windows\stream\x64\debug\arm_format_converter.obj
c:\work\stm32u5\ew\cmsis-stream\makefile\windows\stream\x64\debug\arm_code_imadpcm.obj
c:\work\stm32u5\ew\cmsis-stream\makefile\windows\stream\x64\debug\stream_demo.obj
c:\work\stm32u5\ew\cmsis-stream\makefile\windows\stream\x64\debug\main.obj
c:\work\stm32u5\ew\cmsis-stream\makefile\windows\stream\x64\debug\platform_io.obj
c:\work\stm32u5\ew\cmsis-stream\makefile\windows\stream\x64\debug\platform_al.obj
c:\work\stm32u5\ew\cmsis-stream\makefile\windows\stream\x64\debug\stream.exe
c:\work\stm32u5\ew\cmsis-stream\makefile\windows\stream\x64\debug\stream.ilk
c:\work\stm32u5\ew\cmsis-stream\makefile\windows\stream\x64\debug\stream.pdb
c:\work\stm32u5\ew\cmsis-stream\makefile\windows\stream\x64\debug\stream.tlog\cl.command.1.tlog
c:\work\stm32u5\ew\cmsis-stream\makefile\windows\stream\x64\debug\stream.tlog\cl.read.1.tlog
c:\work\stm32u5\ew\cmsis-stream\makefile\windows\stream\x64\debug\stream.tlog\cl.write.1.tlog
c:\work\stm32u5\ew\cmsis-stream\makefile\windows\stream\x64\debug\stream.tlog\link.command.1.tlog
c:\work\stm32u5\ew\cmsis-stream\makefile\windows\stream\x64\debug\stream.tlog\link.read.1.tlog
c:\work\stm32u5\ew\cmsis-stream\makefile\windows\stream\x64\debug\stream.tlog\link.write.1.tlog
