T8058 000:001.003   SEGGER J-Link V8.74 Log File
T8058 000:001.166   DLL Compiled: Sep 30 2025 12:11:23
T8058 000:001.179   Logging started @ 2025-11-17 17:20
T8058 000:001.192   Process: C:\Users\laulef01\.eclipse\com.renesas.platform_1309835749\DebugComp\RA\e2-server-gdb.exe
T8058 000:001.210 - 1.205ms 
T8058 000:001.231 JLINK_GetDLLVersion()
T8058 000:001.244 - 0.013ms returns 87400
T8058 000:006.862 JLINK_OpenEx(...)
T8058 000:022.874   Firmware: J-Link OB-RA4M2 compiled Jul  8 2025 10:15:56
T8058 000:023.500   Firmware: J-Link OB-RA4M2 compiled Jul  8 2025 10:15:56
T8058 000:034.941   Hardware: V1.00
T8058 000:034.995   S/N: 1088897696
T8058 000:035.013   OEM: SEGGER
T8058 000:035.030   Feature(s): None
T8058 000:035.600   Bootloader: 2021 May 14
T8058 000:036.141   USB speed mode: Full speed (12 MBit/s)
T8058 000:036.559   TELNET listener socket opened on port 19021
T8058 000:036.744   WEBSRV WEBSRV_Init(): Starting webserver thread(s)
T8058 000:037.062   WEBSRV Webserver running on local port 19080
T8058 000:037.225   Looking for J-Link GUI Server exe at: C:\Users\laulef01\.eclipse\com.renesas.platform_1309835749\DebugComp\RA\ARM\Segger_v8.74.0\JLinkGUIServer.exe
T8058 000:037.377   Looking for J-Link GUI Server exe at: C:\Program Files\SEGGER\JLink\JLinkGUIServer.exe
T8058 000:037.423   Forking J-Link GUI Server: C:\Program Files\SEGGER\JLink\JLinkGUIServer.exe
T8058 000:086.617   J-Link GUI Server info: "J-Link GUI server V8.78 "
T8058 000:092.042 - 85.173ms returns "O.K."
T8058 000:092.162 JLINK_TIF_Select(JLINKARM_TIF_SWD)
T8058 000:092.915 - 0.754ms returns 0x00
T8058 000:093.004 JLINK_ClrRESET()
T8058 000:093.312 - 0.307ms 
T8058 000:143.879 JLINK_SetSpeed(1500)
T8058 000:144.259 - 0.397ms 
T8058 000:144.354 JLINK_CORESIGHT_Configure(PerformTIFInit=0)
T8058 000:144.843 - 0.496ms returns 0
T8058 000:145.538 JLINK_CORESIGHT_ReadAPDPReg(DP reg 0x00)
T8058 000:146.032   Value=0x6BA02477
T8058 000:146.190 - 0.658ms returns 0
T8058 000:146.274 JLINK_CORESIGHT_WriteAPDPReg(DP reg 0x00, 0x0000001F)
T8058 000:146.653 - 0.379ms returns 0
T8058 000:146.741 JLINK_CORESIGHT_ReadAPDPReg(DP reg 0x00)
T8058 000:146.996   Value=0x6BA02477
T8058 000:147.104 - 0.363ms returns 0
T8058 000:147.168 JLINK_CORESIGHT_WriteAPDPReg(DP reg 0x02, 0x00000000)
T8058 000:147.517 - 0.349ms returns 0
T8058 000:147.542 JLINK_CORESIGHT_WriteAPDPReg(DP reg 0x01, 0x50000000)
T8058 000:147.760 - 0.217ms returns 0
T8058 000:147.791 JLINK_CORESIGHT_ReadAPDPReg(DP reg 0x01)
T8058 000:147.998   Value=0xF0000040
T8058 000:148.025 - 0.234ms returns 0
T8058 000:148.040 JLINK_CORESIGHT_WriteAPDPReg(DP reg 0x00, 0x0000001F)
T8058 000:148.242 - 0.202ms returns 0
T8058 000:148.259 JLINK_CORESIGHT_ReadAPDPReg(DP reg 0x00)
T8058 000:148.472   Value=0x6BA02477
T8058 000:148.504 - 0.245ms returns 0
T8058 000:148.522 JLINK_CORESIGHT_WriteAPDPReg(DP reg 0x01, 0x54000000)
T8058 000:148.721 - 0.199ms returns 0
T8058 000:148.737 JLINK_CORESIGHT_WriteAPDPReg(DP reg 0x01, 0x50000F00)
T8058 000:148.956 - 0.219ms returns 0
T8058 000:148.972 JLINK_CORESIGHT_WriteAPDPReg(DP reg 0x02, 0x01000000)
T8058 000:149.178 - 0.206ms returns 0
T8058 000:149.194 JLINK_CORESIGHT_WriteAPDPReg(AP reg 0x00, 0x80000002)
T8058 000:149.393 - 0.199ms returns 0
T8058 000:149.408 JLINK_CORESIGHT_WriteAPDPReg(AP reg 0x01, 0x80011100)
T8058 000:149.614 - 0.206ms returns 0
T8058 000:149.630 JLINK_CORESIGHT_WriteAPDPReg(AP reg 0x03, 0x000000A5)
T8058 000:149.827 - 0.198ms returns 0
T8058 000:149.843 JLINK_CORESIGHT_WriteAPDPReg(AP reg 0x00, 0x80000002)
T8058 000:150.042 - 0.198ms returns 0
T8058 000:150.057 JLINK_CORESIGHT_WriteAPDPReg(AP reg 0x01, 0x80011100)
T8058 000:150.304 - 0.247ms returns 0
T8058 000:150.320 JLINK_CORESIGHT_ReadAPDPReg(AP reg 0x03)
T8058 000:150.562   Value=0x000000A5
T8058 000:150.582 - 0.261ms returns 0
T8058 000:150.595 JLINK_ClrTMS()
T8058 000:150.666 - 0.070ms 
T8058 000:156.248 JLINK_SetTCK()
T8058 000:156.482 - 0.233ms returns 0
T8058 000:161.602 JLINK_SetRESET()
T8058 000:161.812 - 0.209ms 
T8058 000:361.866 JLINK_CORESIGHT_WriteAPDPReg(AP reg 0x00, 0x80000002)
T8058 000:362.513 - 0.647ms returns 0
T8058 000:362.620 JLINK_CORESIGHT_WriteAPDPReg(AP reg 0x01, 0x80011100)
T8058 000:362.918 - 0.298ms returns 0
T8058 000:362.955 JLINK_CORESIGHT_ReadAPDPReg(AP reg 0x03)
T8058 000:363.260   Value=0x00000000
T8058 000:363.301 - 0.346ms returns 0
T8058 000:363.329 JLINK_CORESIGHT_WriteAPDPReg(AP reg 0x00, 0x80000002)
T8058 000:363.570 - 0.241ms returns 0
T8058 000:363.598 JLINK_CORESIGHT_WriteAPDPReg(AP reg 0x01, 0x80011140)
T8058 000:363.837 - 0.239ms returns 0
T8058 000:363.867 JLINK_CORESIGHT_ReadAPDPReg(AP reg 0x03)
T8058 000:364.169   Value=0x00000002
T8058 000:364.200 - 0.333ms returns 0
T8058 000:364.220 JLINK_CORESIGHT_WriteAPDPReg(AP reg 0x00, 0x80000002)
T8058 000:364.475 - 0.255ms returns 0
T8058 000:364.496 JLINK_CORESIGHT_WriteAPDPReg(AP reg 0x01, 0x80011120)
T8058 000:364.715 - 0.219ms returns 0
T8058 000:364.736 JLINK_CORESIGHT_WriteAPDPReg(AP reg 0x03, 0x00000055)
T8058 000:364.960 - 0.223ms returns 0
T8058 000:364.981 JLINK_CORESIGHT_WriteAPDPReg(AP reg 0x00, 0x80000002)
T8058 000:365.194 - 0.212ms returns 0
T8058 000:365.212 JLINK_CORESIGHT_WriteAPDPReg(AP reg 0x01, 0x80011140)
T8058 000:365.424 - 0.212ms returns 0
T8058 000:365.443 JLINK_CORESIGHT_ReadAPDPReg(AP reg 0x03)
T8058 000:365.835   Value=0x00000000
T8058 000:365.855 - 0.412ms returns 0
T8058 000:365.870 JLINK_CORESIGHT_WriteAPDPReg(AP reg 0x00, 0x80000002)
T8058 000:366.082 - 0.212ms returns 0
T8058 000:366.099 JLINK_CORESIGHT_WriteAPDPReg(AP reg 0x01, 0x80011130)
T8058 000:366.309 - 0.210ms returns 0
T8058 000:366.324 JLINK_CORESIGHT_ReadAPDPReg(AP reg 0x03)
T8058 000:366.580   Value=0x000000C6
T8058 000:366.600 - 0.276ms returns 0
T8058 000:366.619 JLINK_CORESIGHT_WriteAPDPReg(AP reg 0x00, 0x80000002)
T8058 000:366.826 - 0.207ms returns 0
T8058 000:366.841 JLINK_CORESIGHT_WriteAPDPReg(AP reg 0x01, 0x80011140)
T8058 000:367.044 - 0.203ms returns 0
T8058 000:367.060 JLINK_CORESIGHT_ReadAPDPReg(AP reg 0x03)
T8058 000:367.396   Value=0x00000002
T8058 000:367.415 - 0.355ms returns 0
T8058 000:367.431 JLINK_CORESIGHT_WriteAPDPReg(AP reg 0x00, 0x80000002)
T8058 000:367.618 - 0.186ms returns 0
T8058 000:367.633 JLINK_CORESIGHT_WriteAPDPReg(AP reg 0x01, 0x80011120)
T8058 000:367.850 - 0.217ms returns 0
T8058 000:367.865 JLINK_CORESIGHT_WriteAPDPReg(AP reg 0x03, 0x3A010001)
T8058 000:368.075 - 0.210ms returns 0
T8058 000:368.091 JLINK_CORESIGHT_WriteAPDPReg(AP reg 0x00, 0x80000002)
T8058 000:368.293 - 0.202ms returns 0
T8058 000:368.308 JLINK_CORESIGHT_WriteAPDPReg(AP reg 0x01, 0x80011140)
T8058 000:368.567 - 0.259ms returns 0
T8058 000:368.583 JLINK_CORESIGHT_ReadAPDPReg(AP reg 0x03)
T8058 000:368.829   Value=0x00000002
T8058 000:368.860 - 0.277ms returns 0
T8058 000:368.873 JLINK_CORESIGHT_WriteAPDPReg(AP reg 0x00, 0x80000002)
T8058 000:369.087 - 0.213ms returns 0
T8058 000:369.103 JLINK_CORESIGHT_WriteAPDPReg(AP reg 0x01, 0x80011120)
T8058 000:369.307 - 0.203ms returns 0
T8058 000:369.322 JLINK_CORESIGHT_WriteAPDPReg(AP reg 0x03, 0x000003C5)
T8058 000:369.523 - 0.201ms returns 0
T8058 000:369.540 JLINK_CORESIGHT_WriteAPDPReg(AP reg 0x00, 0x80000002)
T8058 000:369.742 - 0.201ms returns 0
T8058 000:369.757 JLINK_CORESIGHT_WriteAPDPReg(AP reg 0x01, 0x80011140)
T8058 000:369.973 - 0.216ms returns 0
T8058 000:369.988 JLINK_CORESIGHT_ReadAPDPReg(AP reg 0x03)
T8058 000:370.232   Value=0x00000002
T8058 000:370.252 - 0.263ms returns 0
T8058 000:370.265 JLINK_CORESIGHT_ReadAPDPReg(AP reg 0x03)
T8058 000:370.491   Value=0x00000000
T8058 000:370.511 - 0.246ms returns 0
T8058 000:370.524 JLINK_CORESIGHT_WriteAPDPReg(AP reg 0x00, 0x80000002)
T8058 000:370.723 - 0.199ms returns 0
T8058 000:370.738 JLINK_CORESIGHT_WriteAPDPReg(AP reg 0x01, 0x80011130)
T8058 000:370.935 - 0.197ms returns 0
T8058 000:370.950 JLINK_CORESIGHT_ReadAPDPReg(AP reg 0x03)
T8058 000:371.198   Value=0x3A2A0081
T8058 000:371.217 - 0.267ms returns 0
T8058 000:371.231 JLINK_CORESIGHT_WriteAPDPReg(AP reg 0x00, 0x80000002)
T8058 000:371.438 - 0.207ms returns 0
T8058 000:371.456 JLINK_CORESIGHT_WriteAPDPReg(AP reg 0x01, 0x80011140)
T8058 000:371.660 - 0.203ms returns 0
T8058 000:371.675 JLINK_CORESIGHT_ReadAPDPReg(AP reg 0x03)
T8058 000:371.909   Value=0x00000000
T8058 000:371.929 - 0.253ms returns 0
T8058 000:371.942 JLINK_CORESIGHT_WriteAPDPReg(AP reg 0x00, 0x80000002)
T8058 000:372.116 - 0.174ms returns 0
T8058 000:372.131 JLINK_CORESIGHT_WriteAPDPReg(AP reg 0x01, 0x80011130)
T8058 000:372.349 - 0.217ms returns 0
T8058 000:372.364 JLINK_CORESIGHT_ReadAPDPReg(AP reg 0x03)
T8058 000:372.616   Value=0x808D5B00
T8058 000:372.635 - 0.272ms returns 0
T8058 000:372.648 JLINK_CORESIGHT_WriteAPDPReg(AP reg 0x00, 0x80000002)
T8058 000:372.824 - 0.176ms returns 0
T8058 000:372.839 JLINK_CORESIGHT_WriteAPDPReg(AP reg 0x01, 0x80011140)
T8058 000:373.037 - 0.198ms returns 0
T8058 000:373.053 JLINK_CORESIGHT_ReadAPDPReg(AP reg 0x03)
T8058 000:373.412   Value=0x00000000
T8058 000:373.435 - 0.382ms returns 0
T8058 000:373.448 JLINK_CORESIGHT_WriteAPDPReg(AP reg 0x00, 0x80000002)
T8058 000:373.659 - 0.211ms returns 0
T8058 000:373.675 JLINK_CORESIGHT_WriteAPDPReg(AP reg 0x01, 0x80011130)
T8058 000:373.952 - 0.277ms returns 0
T8058 000:373.967 JLINK_CORESIGHT_ReadAPDPReg(AP reg 0x03)
T8058 000:374.209   Value=0x0603030B
T8058 000:374.228 - 0.261ms returns 0
T8058 000:374.241 JLINK_CORESIGHT_WriteAPDPReg(AP reg 0x00, 0x80000002)
T8058 000:374.667 - 0.425ms returns 0
T8058 000:374.699 JLINK_CORESIGHT_WriteAPDPReg(AP reg 0x01, 0x80011140)
T8058 000:375.148 - 0.449ms returns 0
T8058 000:375.200 JLINK_CORESIGHT_ReadAPDPReg(AP reg 0x03)
T8058 000:375.456   Value=0x00000000
T8058 000:375.483 - 0.283ms returns 0
T8058 000:375.497 JLINK_CORESIGHT_WriteAPDPReg(AP reg 0x00, 0x80000002)
T8058 000:375.708 - 0.211ms returns 0
T8058 000:375.750 JLINK_CORESIGHT_WriteAPDPReg(AP reg 0x01, 0x80011130)
T8058 000:375.961 - 0.211ms returns 0
T8058 000:375.984 JLINK_CORESIGHT_ReadAPDPReg(AP reg 0x03)
T8058 000:376.267   Value=0x2F4B4E20
T8058 000:376.294 - 0.309ms returns 0
T8058 000:376.308 JLINK_CORESIGHT_WriteAPDPReg(AP reg 0x00, 0x80000002)
T8058 000:376.499 - 0.190ms returns 0
T8058 000:376.529 JLINK_CORESIGHT_WriteAPDPReg(AP reg 0x01, 0x80011140)
T8058 000:376.741 - 0.211ms returns 0
T8058 000:376.756 JLINK_CORESIGHT_ReadAPDPReg(AP reg 0x03)
T8058 000:377.044   Value=0x00000000
T8058 000:377.066 - 0.309ms returns 0
T8058 000:377.079 JLINK_CORESIGHT_WriteAPDPReg(AP reg 0x00, 0x80000002)
T8058 000:377.296 - 0.217ms returns 0
T8058 000:377.312 JLINK_CORESIGHT_WriteAPDPReg(AP reg 0x01, 0x80011130)
T8058 000:377.576 - 0.264ms returns 0
T8058 000:377.591 JLINK_CORESIGHT_ReadAPDPReg(AP reg 0x03)
T8058 000:377.831   Value=0x4BFBBA50
T8058 000:377.852 - 0.260ms returns 0
T8058 000:377.865 JLINK_CORESIGHT_WriteAPDPReg(AP reg 0x00, 0x80000002)
T8058 000:378.060 - 0.195ms returns 0
T8058 000:378.075 JLINK_CORESIGHT_WriteAPDPReg(AP reg 0x01, 0x80011140)
T8058 000:378.272 - 0.197ms returns 0
T8058 000:378.288 JLINK_CORESIGHT_ReadAPDPReg(AP reg 0x03)
T8058 000:378.531   Value=0x00000000
T8058 000:378.551 - 0.262ms returns 0
T8058 000:378.564 JLINK_CORESIGHT_WriteAPDPReg(AP reg 0x00, 0x80000002)
T8058 000:378.826 - 0.262ms returns 0
T8058 000:378.842 JLINK_CORESIGHT_WriteAPDPReg(AP reg 0x01, 0x80011130)
T8058 000:379.038 - 0.196ms returns 0
T8058 000:379.059 JLINK_CORESIGHT_ReadAPDPReg(AP reg 0x03)
T8058 000:379.392   Value=0x38363553
T8058 000:379.414 - 0.355ms returns 0
T8058 000:379.880 JLINK_CORESIGHT_WriteAPDPReg(AP reg 0x00, 0x80000002)
T8058 000:380.125 - 0.246ms returns 0
T8058 000:380.160 JLINK_CORESIGHT_WriteAPDPReg(AP reg 0x01, 0x80011140)
T8058 000:380.476 - 0.316ms returns 0
T8058 000:380.493 JLINK_CORESIGHT_ReadAPDPReg(AP reg 0x03)
T8058 000:380.854   Value=0x00000000
T8058 000:380.877 - 0.383ms returns 0
T8058 000:380.891 JLINK_CORESIGHT_WriteAPDPReg(AP reg 0x00, 0x80000002)
T8058 000:381.237 - 0.346ms returns 0
T8058 000:381.265 JLINK_CORESIGHT_WriteAPDPReg(AP reg 0x01, 0x80011130)
T8058 000:381.537 - 0.272ms returns 0
T8058 000:381.585 JLINK_CORESIGHT_ReadAPDPReg(AP reg 0x03)
T8058 000:381.823   Value=0x65164335
T8058 000:381.843 - 0.257ms returns 0
T8058 000:381.856 JLINK_CORESIGHT_WriteAPDPReg(AP reg 0x00, 0x80000002)
T8058 000:382.058 - 0.201ms returns 0
T8058 000:382.073 JLINK_CORESIGHT_WriteAPDPReg(AP reg 0x01, 0x80011140)
T8058 000:382.273 - 0.200ms returns 0
T8058 000:382.289 JLINK_CORESIGHT_ReadAPDPReg(AP reg 0x03)
T8058 000:382.547   Value=0x00000000
T8058 000:382.578 - 0.289ms returns 0
T8058 000:382.591 JLINK_CORESIGHT_WriteAPDPReg(AP reg 0x00, 0x80000002)
T8058 000:382.835 - 0.244ms returns 0
T8058 000:382.851 JLINK_CORESIGHT_WriteAPDPReg(AP reg 0x01, 0x80011130)
T8058 000:383.059 - 0.208ms returns 0
T8058 000:383.075 JLINK_CORESIGHT_ReadAPDPReg(AP reg 0x03)
T8058 000:383.321   Value=0x46375282
T8058 000:383.340 - 0.265ms returns 0
T8058 000:383.353 JLINK_CORESIGHT_WriteAPDPReg(AP reg 0x00, 0x80000002)
T8058 000:383.553 - 0.200ms returns 0
T8058 000:383.568 JLINK_CORESIGHT_WriteAPDPReg(AP reg 0x01, 0x80011140)
T8058 000:383.839 - 0.271ms returns 0
T8058 000:383.866 JLINK_CORESIGHT_ReadAPDPReg(AP reg 0x03)
T8058 000:384.160   Value=0x00000000
T8058 000:384.184 - 0.318ms returns 0
T8058 000:384.198 JLINK_CORESIGHT_WriteAPDPReg(AP reg 0x00, 0x80000002)
T8058 000:384.411 - 0.213ms returns 0
T8058 000:384.426 JLINK_CORESIGHT_WriteAPDPReg(AP reg 0x01, 0x80011130)
T8058 000:384.705 - 0.278ms returns 0
T8058 000:384.720 JLINK_CORESIGHT_ReadAPDPReg(AP reg 0x03)
T8058 000:384.981   Value=0x31453841
T8058 000:385.001 - 0.280ms returns 0
T8058 000:385.048 JLINK_CORESIGHT_WriteAPDPReg(AP reg 0x00, 0x80000002)
T8058 000:385.246 - 0.199ms returns 0
T8058 000:385.262 JLINK_CORESIGHT_WriteAPDPReg(AP reg 0x01, 0x80011140)
T8058 000:385.473 - 0.210ms returns 0
T8058 000:385.488 JLINK_CORESIGHT_ReadAPDPReg(AP reg 0x03)
T8058 000:385.760   Value=0x00000000
T8058 000:385.780 - 0.292ms returns 0
T8058 000:385.794 JLINK_CORESIGHT_WriteAPDPReg(AP reg 0x00, 0x80000002)
T8058 000:385.995 - 0.201ms returns 0
T8058 000:386.010 JLINK_CORESIGHT_WriteAPDPReg(AP reg 0x01, 0x80011130)
T8058 000:386.228 - 0.217ms returns 0
T8058 000:386.247 JLINK_CORESIGHT_ReadAPDPReg(AP reg 0x03)
T8058 000:386.497   Value=0x43444641
T8058 000:386.529 - 0.281ms returns 0
T8058 000:386.543 JLINK_CORESIGHT_WriteAPDPReg(AP reg 0x00, 0x80000002)
T8058 000:386.751 - 0.208ms returns 0
T8058 000:386.767 JLINK_CORESIGHT_WriteAPDPReg(AP reg 0x01, 0x80011140)
T8058 000:386.973 - 0.205ms returns 0
T8058 000:386.988 JLINK_CORESIGHT_ReadAPDPReg(AP reg 0x03)
T8058 000:387.229   Value=0x00000000
T8058 000:387.249 - 0.260ms returns 0
T8058 000:387.262 JLINK_CORESIGHT_WriteAPDPReg(AP reg 0x00, 0x80000002)
T8058 000:387.446 - 0.184ms returns 0
T8058 000:387.461 JLINK_CORESIGHT_WriteAPDPReg(AP reg 0x01, 0x80011130)
T8058 000:387.659 - 0.197ms returns 0
T8058 000:387.674 JLINK_CORESIGHT_ReadAPDPReg(AP reg 0x03)
T8058 000:387.995   Value=0x20204246
T8058 000:388.014 - 0.340ms returns 0
T8058 000:388.028 JLINK_CORESIGHT_WriteAPDPReg(AP reg 0x00, 0x80000002)
T8058 000:388.240 - 0.212ms returns 0
T8058 000:388.255 JLINK_CORESIGHT_WriteAPDPReg(AP reg 0x01, 0x80011140)
T8058 000:388.453 - 0.197ms returns 0
T8058 000:388.468 JLINK_CORESIGHT_ReadAPDPReg(AP reg 0x03)
T8058 000:388.710   Value=0x00000000
T8058 000:388.729 - 0.261ms returns 0
T8058 000:388.742 JLINK_CORESIGHT_WriteAPDPReg(AP reg 0x00, 0x80000002)
T8058 000:388.950 - 0.207ms returns 0
T8058 000:388.965 JLINK_CORESIGHT_WriteAPDPReg(AP reg 0x01, 0x80011130)
T8058 000:389.181 - 0.216ms returns 0
T8058 000:389.197 JLINK_CORESIGHT_ReadAPDPReg(AP reg 0x03)
T8058 000:389.707   Value=0x0003C620
T8058 000:389.886 - 0.688ms returns 0
T8058 000:390.124 JLINK_CORESIGHT_WriteAPDPReg(AP reg 0x00, 0x80000002)
T8058 000:390.509 - 0.387ms returns 0
T8058 000:390.549 JLINK_CORESIGHT_WriteAPDPReg(AP reg 0x01, 0x80011140)
T8058 000:390.886 - 0.336ms returns 0
T8058 000:390.922 JLINK_CORESIGHT_ReadAPDPReg(AP reg 0x03)
T8058 000:391.369   Value=0x00000002
T8058 000:391.454 - 0.531ms returns 0
T8058 000:391.474 JLINK_CORESIGHT_WriteAPDPReg(AP reg 0x00, 0x80000002)
T8058 000:391.743 - 0.269ms returns 0
T8058 000:391.763 JLINK_CORESIGHT_WriteAPDPReg(AP reg 0x01, 0x80011120)
T8058 000:392.050 - 0.286ms returns 0
T8058 000:392.076 JLINK_CORESIGHT_WriteAPDPReg(AP reg 0x03, 0x2C010001)
T8058 000:392.447 - 0.370ms returns 0
T8058 000:392.473 JLINK_CORESIGHT_WriteAPDPReg(AP reg 0x00, 0x80000002)
T8058 000:392.871 - 0.397ms returns 0
T8058 000:392.909 JLINK_CORESIGHT_WriteAPDPReg(AP reg 0x01, 0x80011140)
T8058 000:393.209 - 0.300ms returns 0
T8058 000:393.242 JLINK_CORESIGHT_ReadAPDPReg(AP reg 0x03)
T8058 000:393.730   Value=0x00000002
T8058 000:393.865 - 0.622ms returns 0
T8058 000:393.918 JLINK_CORESIGHT_WriteAPDPReg(AP reg 0x00, 0x80000002)
T8058 000:394.468 - 0.549ms returns 0
T8058 000:394.570 JLINK_CORESIGHT_WriteAPDPReg(AP reg 0x01, 0x80011120)
T8058 000:394.987 - 0.417ms returns 0
T8058 000:395.074 JLINK_CORESIGHT_WriteAPDPReg(AP reg 0x03, 0x000003D3)
T8058 000:395.401 - 0.326ms returns 0
T8058 000:395.479 JLINK_CORESIGHT_WriteAPDPReg(AP reg 0x00, 0x80000002)
T8058 000:395.743 - 0.265ms returns 0
T8058 000:395.772 JLINK_CORESIGHT_WriteAPDPReg(AP reg 0x01, 0x80011140)
T8058 000:395.989 - 0.217ms returns 0
T8058 000:396.007 JLINK_CORESIGHT_ReadAPDPReg(AP reg 0x03)
T8058 000:396.243   Value=0x00000002
T8058 000:396.264 - 0.257ms returns 0
T8058 000:396.278 JLINK_CORESIGHT_ReadAPDPReg(AP reg 0x03)
T8058 000:396.538   Value=0x00000002
T8058 000:396.576 - 0.298ms returns 0
T8058 000:396.592 JLINK_CORESIGHT_ReadAPDPReg(AP reg 0x03)
T8058 000:396.852   Value=0x00000002
T8058 000:396.890 - 0.298ms returns 0
T8058 000:396.904 JLINK_CORESIGHT_ReadAPDPReg(AP reg 0x03)
T8058 000:397.149   Value=0x00000000
T8058 000:397.169 - 0.265ms returns 0
T8058 000:397.183 JLINK_CORESIGHT_WriteAPDPReg(AP reg 0x00, 0x80000002)
T8058 000:397.365 - 0.182ms returns 0
T8058 000:397.381 JLINK_CORESIGHT_WriteAPDPReg(AP reg 0x01, 0x80011130)
T8058 000:397.580 - 0.199ms returns 0
T8058 000:397.596 JLINK_CORESIGHT_ReadAPDPReg(AP reg 0x03)
T8058 000:397.870   Value=0x2C020081
T8058 000:397.894 - 0.298ms returns 0
T8058 000:397.908 JLINK_CORESIGHT_WriteAPDPReg(AP reg 0x00, 0x80000002)
T8058 000:398.224 - 0.316ms returns 0
T8058 000:398.245 JLINK_CORESIGHT_WriteAPDPReg(AP reg 0x01, 0x80011140)
T8058 000:398.454 - 0.209ms returns 0
T8058 000:398.474 JLINK_CORESIGHT_ReadAPDPReg(AP reg 0x03)
T8058 000:398.835   Value=0x00000000
T8058 000:398.873 - 0.398ms returns 0
T8058 000:398.888 JLINK_CORESIGHT_WriteAPDPReg(AP reg 0x00, 0x80000002)
T8058 000:399.133 - 0.242ms returns 0
T8058 000:399.231 JLINK_CORESIGHT_WriteAPDPReg(AP reg 0x01, 0x80011130)
T8058 000:399.452 - 0.222ms returns 0
T8058 000:399.476 JLINK_CORESIGHT_ReadAPDPReg(AP reg 0x03)
T8058 000:399.834   Value=0x0003CE04
T8058 000:399.859 - 0.382ms returns 0
T8058 000:399.881 JLINK_CORESIGHT_WriteAPDPReg(AP reg 0x00, 0x80000002)
T8058 000:400.119 - 0.238ms returns 0
T8058 000:400.140 JLINK_CORESIGHT_WriteAPDPReg(AP reg 0x01, 0x80011140)
T8058 000:400.374 - 0.233ms returns 0
T8058 000:400.398 JLINK_CORESIGHT_ReadAPDPReg(AP reg 0x03)
T8058 000:400.662   Value=0x00000002
T8058 000:400.684 - 0.286ms returns 0
T8058 000:400.698 JLINK_CORESIGHT_WriteAPDPReg(AP reg 0x00, 0x80000002)
T8058 000:400.953 - 0.254ms returns 0
T8058 000:401.008 JLINK_CORESIGHT_WriteAPDPReg(AP reg 0x01, 0x80011120)
T8058 000:401.254 - 0.245ms returns 0
T8058 000:401.293 JLINK_CORESIGHT_WriteAPDPReg(AP reg 0x03, 0x73010001)
T8058 000:401.554 - 0.260ms returns 0
T8058 000:401.585 JLINK_CORESIGHT_WriteAPDPReg(AP reg 0x00, 0x80000002)
T8058 000:401.831 - 0.245ms returns 0
T8058 000:401.852 JLINK_CORESIGHT_WriteAPDPReg(AP reg 0x01, 0x80011140)
T8058 000:402.105 - 0.252ms returns 0
T8058 000:402.138 JLINK_CORESIGHT_ReadAPDPReg(AP reg 0x03)
T8058 000:402.447   Value=0x00000002
T8058 000:402.469 - 0.330ms returns 0
T8058 000:402.483 JLINK_CORESIGHT_WriteAPDPReg(AP reg 0x00, 0x80000002)
T8058 000:402.712 - 0.228ms returns 0
T8058 000:402.805 JLINK_CORESIGHT_WriteAPDPReg(AP reg 0x01, 0x80011120)
T8058 000:403.312 - 0.506ms returns 0
T8058 000:403.334 JLINK_CORESIGHT_WriteAPDPReg(AP reg 0x03, 0x0000038C)
T8058 000:403.579 - 0.245ms returns 0
T8058 000:403.596 JLINK_CORESIGHT_WriteAPDPReg(AP reg 0x00, 0x80000002)
T8058 000:403.837 - 0.240ms returns 0
T8058 000:403.853 JLINK_CORESIGHT_WriteAPDPReg(AP reg 0x01, 0x80011140)
T8058 000:404.057 - 0.205ms returns 0
T8058 000:404.073 JLINK_CORESIGHT_ReadAPDPReg(AP reg 0x03)
T8058 000:404.314   Value=0x00000002
T8058 000:404.348 - 0.275ms returns 0
T8058 000:404.361 JLINK_CORESIGHT_ReadAPDPReg(AP reg 0x03)
T8058 000:404.605   Value=0x00000002
T8058 000:404.625 - 0.263ms returns 0
T8058 000:404.642 JLINK_CORESIGHT_ReadAPDPReg(AP reg 0x03)
T8058 000:404.868   Value=0x00000002
T8058 000:404.889 - 0.246ms returns 0
T8058 000:404.904 JLINK_CORESIGHT_ReadAPDPReg(AP reg 0x03)
T8058 000:405.209   Value=0x00000002
T8058 000:405.255 - 0.350ms returns 0
T8058 000:405.276 JLINK_CORESIGHT_ReadAPDPReg(AP reg 0x03)
T8058 000:405.519   Value=0x00000002
T8058 000:405.657 - 0.381ms returns 0
T8058 000:405.682 JLINK_CORESIGHT_ReadAPDPReg(AP reg 0x03)
T8058 000:406.268   Value=0x00000002
T8058 000:406.367 - 0.685ms returns 0
T8058 000:407.177 JLINK_CORESIGHT_ReadAPDPReg(AP reg 0x03)
T8058 000:407.657   Value=0x00000000
T8058 000:407.734 - 0.557ms returns 0
T8058 000:407.765 JLINK_CORESIGHT_WriteAPDPReg(AP reg 0x00, 0x80000002)
T8058 000:408.496 - 0.731ms returns 0
T8058 000:408.563 JLINK_CORESIGHT_WriteAPDPReg(AP reg 0x01, 0x80011130)
T8058 000:408.883 - 0.319ms returns 0
T8058 000:408.952 JLINK_CORESIGHT_ReadAPDPReg(AP reg 0x03)
T8058 000:409.939   Value=0x73020081
T8058 000:409.994 - 1.042ms returns 0
T8058 000:410.023 JLINK_CORESIGHT_WriteAPDPReg(AP reg 0x00, 0x80000002)
T8058 000:410.287 - 0.264ms returns 0
T8058 000:410.326 JLINK_CORESIGHT_WriteAPDPReg(AP reg 0x01, 0x80011140)
T8058 000:410.571 - 0.245ms returns 0
T8058 000:410.611 JLINK_CORESIGHT_ReadAPDPReg(AP reg 0x03)
T8058 000:410.924   Value=0x00000000
T8058 000:410.993 - 0.381ms returns 0
T8058 000:411.023 JLINK_CORESIGHT_WriteAPDPReg(AP reg 0x00, 0x80000002)
T8058 000:411.255 - 0.231ms returns 0
T8058 000:411.294 JLINK_CORESIGHT_WriteAPDPReg(AP reg 0x01, 0x80011130)
T8058 000:411.491 - 0.196ms returns 0
T8058 000:411.507 JLINK_CORESIGHT_ReadAPDPReg(AP reg 0x03)
T8058 000:411.740   Value=0x00038902
T8058 000:411.788 - 0.279ms returns 0
T8058 000:411.807 JLINK_CORESIGHT_WriteAPDPReg(AP reg 0x00, 0x80000002)
T8058 000:411.996 - 0.189ms returns 0
T8058 000:412.013 JLINK_CORESIGHT_WriteAPDPReg(AP reg 0x01, 0x80011140)
T8058 000:412.223 - 0.211ms returns 0
T8058 000:412.240 JLINK_CORESIGHT_ReadAPDPReg(AP reg 0x03)
T8058 000:412.541   Value=0x00000002
T8058 000:412.590 - 0.349ms returns 0
T8058 000:412.618 JLINK_CORESIGHT_WriteAPDPReg(AP reg 0x00, 0x80000002)
T8058 000:412.833 - 0.215ms returns 0
T8058 000:412.852 JLINK_CORESIGHT_WriteAPDPReg(AP reg 0x01, 0x80011120)
T8058 000:413.060 - 0.207ms returns 0
T8058 000:413.076 JLINK_CORESIGHT_WriteAPDPReg(AP reg 0x03, 0x75010001)
T8058 000:413.302 - 0.226ms returns 0
T8058 000:413.318 JLINK_CORESIGHT_WriteAPDPReg(AP reg 0x00, 0x80000002)
T8058 000:413.577 - 0.259ms returns 0
T8058 000:413.593 JLINK_CORESIGHT_WriteAPDPReg(AP reg 0x01, 0x80011140)
T8058 000:413.823 - 0.229ms returns 0
T8058 000:413.839 JLINK_CORESIGHT_ReadAPDPReg(AP reg 0x03)
T8058 000:414.083   Value=0x00000002
T8058 000:414.103 - 0.264ms returns 0
T8058 000:414.117 JLINK_CORESIGHT_WriteAPDPReg(AP reg 0x00, 0x80000002)
T8058 000:414.322 - 0.205ms returns 0
T8058 000:414.338 JLINK_CORESIGHT_WriteAPDPReg(AP reg 0x01, 0x80011120)
T8058 000:414.539 - 0.201ms returns 0
T8058 000:414.555 JLINK_CORESIGHT_WriteAPDPReg(AP reg 0x03, 0x0000038A)
T8058 000:414.829 - 0.274ms returns 0
T8058 000:414.845 JLINK_CORESIGHT_WriteAPDPReg(AP reg 0x00, 0x80000002)
T8058 000:415.052 - 0.206ms returns 0
T8058 000:415.067 JLINK_CORESIGHT_WriteAPDPReg(AP reg 0x01, 0x80011140)
T8058 000:415.272 - 0.204ms returns 0
T8058 000:415.294 JLINK_CORESIGHT_ReadAPDPReg(AP reg 0x03)
T8058 000:415.534   Value=0x00000002
T8058 000:415.553 - 0.259ms returns 0
T8058 000:415.566 JLINK_CORESIGHT_ReadAPDPReg(AP reg 0x03)
T8058 000:415.870   Value=0x00000002
T8058 000:415.891 - 0.324ms returns 0
T8058 000:415.905 JLINK_CORESIGHT_ReadAPDPReg(AP reg 0x03)
T8058 000:416.158   Value=0x00000002
T8058 000:416.179 - 0.274ms returns 0
T8058 000:416.192 JLINK_CORESIGHT_ReadAPDPReg(AP reg 0x03)
T8058 000:416.452   Value=0x00000002
T8058 000:416.472 - 0.279ms returns 0
T8058 000:416.485 JLINK_CORESIGHT_ReadAPDPReg(AP reg 0x03)
T8058 000:416.729   Value=0x00000002
T8058 000:416.752 - 0.266ms returns 0
T8058 000:416.765 JLINK_CORESIGHT_ReadAPDPReg(AP reg 0x03)
T8058 000:417.016   Value=0x00000002
T8058 000:417.037 - 0.272ms returns 0
T8058 000:417.051 JLINK_CORESIGHT_ReadAPDPReg(AP reg 0x03)
T8058 000:417.284   Value=0x00000002
T8058 000:417.304 - 0.253ms returns 0
T8058 000:417.318 JLINK_CORESIGHT_ReadAPDPReg(AP reg 0x03)
T8058 000:417.543   Value=0x00000002
T8058 000:417.564 - 0.246ms returns 0
T8058 000:417.578 JLINK_CORESIGHT_ReadAPDPReg(AP reg 0x03)
T8058 000:417.828   Value=0x00000002
T8058 000:417.849 - 0.270ms returns 0
T8058 000:417.862 JLINK_CORESIGHT_ReadAPDPReg(AP reg 0x03)
T8058 000:418.122   Value=0x00000002
T8058 000:418.143 - 0.281ms returns 0
T8058 000:418.157 JLINK_CORESIGHT_ReadAPDPReg(AP reg 0x03)
T8058 000:418.408   Value=0x00000000
T8058 000:418.428 - 0.271ms returns 0
T8058 000:418.442 JLINK_CORESIGHT_WriteAPDPReg(AP reg 0x00, 0x80000002)
T8058 000:418.618 - 0.175ms returns 0
T8058 000:418.634 JLINK_CORESIGHT_WriteAPDPReg(AP reg 0x01, 0x80011130)
T8058 000:418.833 - 0.198ms returns 0
T8058 000:418.848 JLINK_CORESIGHT_ReadAPDPReg(AP reg 0x03)
T8058 000:419.110   Value=0x75020081
T8058 000:419.130 - 0.281ms returns 0
T8058 000:419.143 JLINK_CORESIGHT_WriteAPDPReg(AP reg 0x00, 0x80000002)
T8058 000:419.323 - 0.179ms returns 0
T8058 000:419.338 JLINK_CORESIGHT_WriteAPDPReg(AP reg 0x01, 0x80011140)
T8058 000:419.539 - 0.200ms returns 0
T8058 000:419.554 JLINK_CORESIGHT_ReadAPDPReg(AP reg 0x03)
T8058 000:419.869   Value=0x00000000
T8058 000:419.890 - 0.336ms returns 0
T8058 000:419.903 JLINK_CORESIGHT_WriteAPDPReg(AP reg 0x00, 0x80000002)
T8058 000:420.115 - 0.211ms returns 0
T8058 000:420.131 JLINK_CORESIGHT_WriteAPDPReg(AP reg 0x01, 0x80011130)
T8058 000:420.348 - 0.217ms returns 0
T8058 000:420.364 JLINK_CORESIGHT_ReadAPDPReg(AP reg 0x03)
T8058 000:420.607   Value=0x00038702
T8058 000:420.628 - 0.264ms returns 0
T8058 000:420.650 JLINK_CORESIGHT_WriteAPDPReg(AP reg 0x00, 0x80000002)
T8058 000:420.872 - 0.222ms returns 0
T8058 000:420.888 JLINK_CORESIGHT_WriteAPDPReg(AP reg 0x01, 0x80011140)
T8058 000:421.095 - 0.206ms returns 0
T8058 000:421.110 JLINK_CORESIGHT_ReadAPDPReg(AP reg 0x03)
T8058 000:421.409   Value=0x00000002
T8058 000:421.438 - 0.327ms returns 0
T8058 000:421.452 JLINK_CORESIGHT_WriteAPDPReg(AP reg 0x00, 0x80000002)
T8058 000:421.675 - 0.222ms returns 0
T8058 000:421.708 JLINK_CORESIGHT_WriteAPDPReg(AP reg 0x01, 0x80011120)
T8058 000:422.068 - 0.360ms returns 0
T8058 000:422.222 JLINK_CORESIGHT_WriteAPDPReg(AP reg 0x03, 0x4F010001)
T8058 000:422.580 - 0.358ms returns 0
T8058 000:422.614 JLINK_CORESIGHT_WriteAPDPReg(AP reg 0x00, 0x80000002)
T8058 000:422.834 - 0.220ms returns 0
T8058 000:422.851 JLINK_CORESIGHT_WriteAPDPReg(AP reg 0x01, 0x80011140)
T8058 000:423.058 - 0.207ms returns 0
T8058 000:423.075 JLINK_CORESIGHT_ReadAPDPReg(AP reg 0x03)
T8058 000:423.326   Value=0x00000002
T8058 000:423.346 - 0.271ms returns 0
T8058 000:423.360 JLINK_CORESIGHT_WriteAPDPReg(AP reg 0x00, 0x80000002)
T8058 000:423.560 - 0.200ms returns 0
T8058 000:423.624 JLINK_CORESIGHT_WriteAPDPReg(AP reg 0x01, 0x80011120)
T8058 000:423.828 - 0.204ms returns 0
T8058 000:423.844 JLINK_CORESIGHT_WriteAPDPReg(AP reg 0x03, 0x000003B0)
T8058 000:424.052 - 0.208ms returns 0
T8058 000:424.067 JLINK_CORESIGHT_WriteAPDPReg(AP reg 0x00, 0x80000002)
T8058 000:424.268 - 0.201ms returns 0
T8058 000:424.288 JLINK_CORESIGHT_WriteAPDPReg(AP reg 0x01, 0x80011140)
T8058 000:424.490 - 0.202ms returns 0
T8058 000:424.506 JLINK_CORESIGHT_ReadAPDPReg(AP reg 0x03)
T8058 000:424.749   Value=0x00000000
T8058 000:424.769 - 0.262ms returns 0
T8058 000:424.783 JLINK_CORESIGHT_WriteAPDPReg(AP reg 0x00, 0x80000002)
T8058 000:424.981 - 0.198ms returns 0
T8058 000:424.996 JLINK_CORESIGHT_WriteAPDPReg(AP reg 0x01, 0x80011130)
T8058 000:425.203 - 0.207ms returns 0
T8058 000:425.219 JLINK_CORESIGHT_ReadAPDPReg(AP reg 0x03)
T8058 000:425.447   Value=0x4F0B0081
T8058 000:425.468 - 0.248ms returns 0
T8058 000:425.481 JLINK_CORESIGHT_WriteAPDPReg(AP reg 0x00, 0x80000002)
T8058 000:425.682 - 0.201ms returns 0
T8058 000:425.697 JLINK_CORESIGHT_WriteAPDPReg(AP reg 0x01, 0x80011140)
T8058 000:425.938 - 0.240ms returns 0
T8058 000:425.953 JLINK_CORESIGHT_ReadAPDPReg(AP reg 0x03)
T8058 000:426.210   Value=0x00000000
T8058 000:426.230 - 0.276ms returns 0
T8058 000:426.246 JLINK_CORESIGHT_WriteAPDPReg(AP reg 0x00, 0x80000002)
T8058 000:426.453 - 0.206ms returns 0
T8058 000:426.468 JLINK_CORESIGHT_WriteAPDPReg(AP reg 0x01, 0x80011130)
T8058 000:426.667 - 0.198ms returns 0
T8058 000:426.682 JLINK_CORESIGHT_ReadAPDPReg(AP reg 0x03)
T8058 000:426.908   Value=0x20000000
T8058 000:426.927 - 0.245ms returns 0
T8058 000:426.941 JLINK_CORESIGHT_WriteAPDPReg(AP reg 0x00, 0x80000002)
T8058 000:427.140 - 0.199ms returns 0
T8058 000:427.156 JLINK_CORESIGHT_WriteAPDPReg(AP reg 0x01, 0x80011140)
T8058 000:427.365 - 0.208ms returns 0
T8058 000:427.380 JLINK_CORESIGHT_ReadAPDPReg(AP reg 0x03)
T8058 000:427.616   Value=0x00000000
T8058 000:427.635 - 0.255ms returns 0
T8058 000:427.649 JLINK_CORESIGHT_WriteAPDPReg(AP reg 0x00, 0x80000002)
T8058 000:427.847 - 0.198ms returns 0
T8058 000:427.863 JLINK_CORESIGHT_WriteAPDPReg(AP reg 0x01, 0x80011130)
T8058 000:428.083 - 0.220ms returns 0
T8058 000:428.099 JLINK_CORESIGHT_ReadAPDPReg(AP reg 0x03)
T8058 000:428.348   Value=0x00000000
T8058 000:428.367 - 0.267ms returns 0
T8058 000:428.380 JLINK_CORESIGHT_WriteAPDPReg(AP reg 0x00, 0x80000002)
T8058 000:428.579 - 0.198ms returns 0
T8058 000:428.594 JLINK_CORESIGHT_WriteAPDPReg(AP reg 0x01, 0x80011140)
T8058 000:428.825 - 0.230ms returns 0
T8058 000:428.840 JLINK_CORESIGHT_ReadAPDPReg(AP reg 0x03)
T8058 000:429.082   Value=0x00000000
T8058 000:429.102 - 0.261ms returns 0
T8058 000:429.116 JLINK_CORESIGHT_WriteAPDPReg(AP reg 0x00, 0x80000002)
T8058 000:429.314 - 0.198ms returns 0
T8058 000:429.337 JLINK_CORESIGHT_WriteAPDPReg(AP reg 0x01, 0x80011130)
T8058 000:429.539 - 0.202ms returns 0
T8058 000:429.555 JLINK_CORESIGHT_ReadAPDPReg(AP reg 0x03)
T8058 000:429.879   Value=0x03860000
T8058 000:429.945 - 0.390ms returns 0
T8058 000:430.064 JLINK_CORESIGHT_ReadAPDPReg(DP reg 0x01)
T8058 000:430.291   Value=0xF0000F40
T8058 000:430.313 - 0.249ms returns 0
T8058 000:430.327 JLINK_CORESIGHT_WriteAPDPReg(DP reg 0x01, 0xA0000F40)
T8058 000:430.577 - 0.250ms returns 0
T8058 000:430.593 JLINK_CORESIGHT_ReadAPDPReg(DP reg 0x01)
T8058 000:430.839   Value=0x00000F40
T8058 000:430.859 - 0.266ms returns 0
T8058 000:430.873 JLINK_ClrRESET()
T8058 000:431.057 - 0.183ms 
T8058 000:537.930 JLINK_Close()
T8058 000:553.879 - 15.948ms
T8058 000:553.959   
T8058 000:553.974   Closed
