  stream_tool_main.c
C:\Work\GITHUB_LLF\GRAPH_INTERPRETER\stream_tools\stream_tool_main.c(126,45): error C2065: 'GRAPH_BIN': undeclared identifier
C:\Work\GITHUB_LLF\GRAPH_INTERPRETER\stream_tools\stream_tool_main.c(126,45): warning C4047: 'function': 'const char *' differs in levels of indirection from 'int'
C:\Work\GITHUB_LLF\GRAPH_INTERPRETER\stream_tools\stream_tool_main.c(126,45): warning C4024: 'fopen': different types for formal and actual parameter 1
C:\Work\GITHUB_LLF\GRAPH_INTERPRETER\stream_tools\stream_tool_main.c(127,41): error C2065: 'GRAPH_HEADER': undeclared identifier
C:\Work\GITHUB_LLF\GRAPH_INTERPRETER\stream_tools\stream_tool_main.c(127,41): warning C4047: 'function': 'const char *' differs in levels of indirection from 'int'
C:\Work\GITHUB_LLF\GRAPH_INTERPRETER\stream_tools\stream_tool_main.c(127,41): warning C4024: 'fopen': different types for formal and actual parameter 1
C:\Work\GITHUB_LLF\GRAPH_INTERPRETER\stream_tools\stream_tool_main.c(128,40): error C2065: 'GRAPH_DEBUG': undeclared identifier
C:\Work\GITHUB_LLF\GRAPH_INTERPRETER\stream_tools\stream_tool_main.c(128,40): warning C4047: 'function': 'const char *' differs in levels of indirection from 'int'
C:\Work\GITHUB_LLF\GRAPH_INTERPRETER\stream_tools\stream_tool_main.c(128,40): warning C4024: 'fopen': different types for formal and actual parameter 1
C:\Work\GITHUB_LLF\GRAPH_INTERPRETER\stream_tools\stream_tool_main.c(131,22): error C2065: 'GRAPH_TOP_MANIFEST': undeclared identifier
C:\Work\GITHUB_LLF\GRAPH_INTERPRETER\stream_tools\stream_tool_main.c(131,22): warning C4047: 'function': 'char *' differs in levels of indirection from 'int'
C:\Work\GITHUB_LLF\GRAPH_INTERPRETER\stream_tools\stream_tool_main.c(131,22): warning C4024: 'read_input_file': different types for formal and actual parameter 1
C:\Work\GITHUB_LLF\GRAPH_INTERPRETER\stream_tools\stream_tool_main.c(153,67): error C2065: 'GRAPH_TXT': undeclared identifier
C:\Work\GITHUB_LLF\GRAPH_INTERPRETER\stream_tools\stream_tool_main.c(153,13): warning C4477: 'printf' : format string '%s' requires an argument of type 'char *', but variadic argument 1 has type 'int'
C:\Work\GITHUB_LLF\GRAPH_INTERPRETER\stream_tools\stream_tool_main.c(153,13): warning C4313: 'printf': '%s' in format string conflicts with argument 1 of type 'int'
C:\Work\GITHUB_LLF\GRAPH_INTERPRETER\stream_tools\stream_tool_main.c(154,22): error C2065: 'GRAPH_TXT': undeclared identifier
C:\Work\GITHUB_LLF\GRAPH_INTERPRETER\stream_tools\stream_tool_main.c(154,22): warning C4047: 'function': 'char *' differs in levels of indirection from 'int'
C:\Work\GITHUB_LLF\GRAPH_INTERPRETER\stream_tools\stream_tool_main.c(154,22): warning C4024: 'read_input_file': different types for formal and actual parameter 1
C:\Work\GITHUB_LLF\GRAPH_INTERPRETER\stream_tools\stream_tool_main.c(178,41): error C2065: 'GRAPH_BIN': undeclared identifier
C:\Work\GITHUB_LLF\GRAPH_INTERPRETER\stream_tools\stream_tool_main.c(178,41): warning C4047: 'function': 'const char *' differs in levels of indirection from 'int'
C:\Work\GITHUB_LLF\GRAPH_INTERPRETER\stream_tools\stream_tool_main.c(178,41): warning C4024: 'fopen': different types for formal and actual parameter 1
C:\Work\GITHUB_LLF\GRAPH_INTERPRETER\stream_tools\stream_tool_main.c(180,65): error C2065: 'GRAPH_TXT': undeclared identifier
C:\Work\GITHUB_LLF\GRAPH_INTERPRETER\stream_tools\stream_tool_main.c(180,65): warning C4047: 'function': 'char *' differs in levels of indirection from 'int'
C:\Work\GITHUB_LLF\GRAPH_INTERPRETER\stream_tools\stream_tool_main.c(180,65): warning C4024: 'arm_stream_graphTxt2Bin': different types for formal and actual parameter 4
  stream_tool_readManifests.c
  stream_tool_read_script.c
C:\Work\GITHUB_LLF\GRAPH_INTERPRETER\stream_tools\stream_tool_read_script.c(200,14): warning C4101: 'type': unreferenced local variable
C:\Work\GITHUB_LLF\GRAPH_INTERPRETER\stream_tools\stream_tool_read_script.c(200,9): warning C4101: 'idx': unreferenced local variable
C:\Work\GITHUB_LLF\GRAPH_INTERPRETER\stream_tools\stream_tool_read_script.c(226,14): warning C4101: 'type': unreferenced local variable
C:\Work\GITHUB_LLF\GRAPH_INTERPRETER\stream_tools\stream_tool_read_script.c(226,20): warning C4101: 'tmp': unreferenced local variable
C:\Work\GITHUB_LLF\GRAPH_INTERPRETER\stream_tools\stream_tool_read_script.c(226,9): warning C4101: 'idx': unreferenced local variable
C:\Work\GITHUB_LLF\GRAPH_INTERPRETER\stream_tools\stream_tool_read_script.c(373,16): warning C4101: 'test': unreferenced local variable
C:\Work\GITHUB_LLF\GRAPH_INTERPRETER\stream_tools\stream_tool_read_script.c(373,11): warning C4101: 'pch': unreferenced local variable
C:\Work\GITHUB_LLF\GRAPH_INTERPRETER\stream_tools\stream_tool_read_script.c(417,13): warning C4101: 'raw_type': unreferenced local variable
C:\Work\GITHUB_LLF\GRAPH_INTERPRETER\stream_tools\stream_tool_read_script.c(417,36): warning C4101: 'pt0': unreferenced local variable
C:\Work\GITHUB_LLF\GRAPH_INTERPRETER\stream_tools\stream_tool_read_script.c(417,24): warning C4101: 'ptr_param': unreferenced local variable
  Generating Code...
