c:\work\github_llf\graph_interpreter\stream_platform\windows\stream\debug\vc142.pdb
c:\work\github_llf\graph_interpreter\stream_platform\windows\stream\debug\vc142.idb
c:\work\github_llf\graph_interpreter\stream_platform\windows\stream\debug\arm_stream_mixer.nativecodeanalysis.sarif
c:\work\github_llf\graph_interpreter\stream_platform\windows\stream\debug\arm_stream_mixer.nativecodeanalysis.xml
c:\work\github_llf\graph_interpreter\stream_platform\windows\stream\debug\arm_stream_demodulator_process.nativecodeanalysis.sarif
c:\work\github_llf\graph_interpreter\stream_platform\windows\stream\debug\arm_stream_demodulator_process.nativecodeanalysis.xml
c:\work\github_llf\graph_interpreter\stream_platform\windows\stream\debug\arm_stream_demodulator.nativecodeanalysis.sarif
c:\work\github_llf\graph_interpreter\stream_platform\windows\stream\debug\arm_stream_demodulator.nativecodeanalysis.xml
c:\work\github_llf\graph_interpreter\stream_platform\windows\stream\debug\arm_stream_converter_process.nativecodeanalysis.sarif
c:\work\github_llf\graph_interpreter\stream_platform\windows\stream\debug\arm_stream_converter_process.nativecodeanalysis.xml
c:\work\github_llf\graph_interpreter\stream_platform\windows\stream\debug\arm_stream_converter.nativecodeanalysis.sarif
c:\work\github_llf\graph_interpreter\stream_platform\windows\stream\debug\arm_stream_converter.nativecodeanalysis.xml
c:\work\github_llf\graph_interpreter\stream_platform\windows\stream\debug\arm_stream_analysis_process.nativecodeanalysis.sarif
c:\work\github_llf\graph_interpreter\stream_platform\windows\stream\debug\arm_stream_analysis_process.nativecodeanalysis.xml
c:\work\github_llf\graph_interpreter\stream_platform\windows\stream\debug\arm_stream_analysis.nativecodeanalysis.sarif
c:\work\github_llf\graph_interpreter\stream_platform\windows\stream\debug\arm_stream_analysis.nativecodeanalysis.xml
c:\work\github_llf\graph_interpreter\stream_platform\windows\stream\debug\arm_stream_amplifier_process.nativecodeanalysis.sarif
c:\work\github_llf\graph_interpreter\stream_platform\windows\stream\debug\arm_stream_amplifier_process.nativecodeanalysis.xml
c:\work\github_llf\graph_interpreter\stream_platform\windows\stream\debug\arm_stream_amplifier.nativecodeanalysis.sarif
c:\work\github_llf\graph_interpreter\stream_platform\windows\stream\debug\arm_stream_amplifier.nativecodeanalysis.xml
c:\work\github_llf\graph_interpreter\stream_platform\windows\stream\debug\arm_stream_filter.nativecodeanalysis.sarif
c:\work\github_llf\graph_interpreter\stream_platform\windows\stream\debug\arm_stream_filter.nativecodeanalysis.xml
c:\work\github_llf\graph_interpreter\stream_platform\windows\stream\debug\arm_stream_detector_process.nativecodeanalysis.sarif
c:\work\github_llf\graph_interpreter\stream_platform\windows\stream\debug\arm_stream_detector_process.nativecodeanalysis.xml
c:\work\github_llf\graph_interpreter\stream_platform\windows\stream\debug\arm_stream_detector.nativecodeanalysis.sarif
c:\work\github_llf\graph_interpreter\stream_platform\windows\stream\debug\arm_stream_detector.nativecodeanalysis.xml
c:\work\github_llf\graph_interpreter\stream_platform\windows\stream\debug\arm_stream_decompressor_imadpcm.nativecodeanalysis.sarif
c:\work\github_llf\graph_interpreter\stream_platform\windows\stream\debug\arm_stream_decompressor_imadpcm.nativecodeanalysis.xml
c:\work\github_llf\graph_interpreter\stream_platform\windows\stream\debug\arm_stream_decompressor_process.nativecodeanalysis.sarif
c:\work\github_llf\graph_interpreter\stream_platform\windows\stream\debug\arm_stream_decompressor_process.nativecodeanalysis.xml
c:\work\github_llf\graph_interpreter\stream_platform\windows\stream\debug\arm_stream_decompressor.nativecodeanalysis.sarif
c:\work\github_llf\graph_interpreter\stream_platform\windows\stream\debug\arm_stream_decompressor.nativecodeanalysis.xml
c:\work\github_llf\graph_interpreter\stream_platform\windows\stream\debug\arm_stream_compressor_imadpcm.nativecodeanalysis.sarif
c:\work\github_llf\graph_interpreter\stream_platform\windows\stream\debug\arm_stream_compressor_imadpcm.nativecodeanalysis.xml
c:\work\github_llf\graph_interpreter\stream_platform\windows\stream\debug\arm_stream_compressor_process.nativecodeanalysis.sarif
c:\work\github_llf\graph_interpreter\stream_platform\windows\stream\debug\arm_stream_compressor_process.nativecodeanalysis.xml
c:\work\github_llf\graph_interpreter\stream_platform\windows\stream\debug\arm_stream_compressor.nativecodeanalysis.sarif
c:\work\github_llf\graph_interpreter\stream_platform\windows\stream\debug\arm_stream_compressor.nativecodeanalysis.xml
c:\work\github_llf\graph_interpreter\stream_platform\windows\stream\debug\arm_biquad_cascade_df1_init_q15.nativecodeanalysis.sarif
c:\work\github_llf\graph_interpreter\stream_platform\windows\stream\debug\arm_biquad_cascade_df1_init_q15.nativecodeanalysis.xml
c:\work\github_llf\graph_interpreter\stream_platform\windows\stream\debug\arm_biquad_cascade_df1_fast_q15.nativecodeanalysis.sarif
c:\work\github_llf\graph_interpreter\stream_platform\windows\stream\debug\arm_biquad_cascade_df1_fast_q15.nativecodeanalysis.xml
c:\work\github_llf\graph_interpreter\stream_platform\windows\stream\debug\arm_biquad_cascade_df1_fast_q15.obj
c:\work\github_llf\graph_interpreter\stream_platform\windows\stream\debug\arm_biquad_cascade_df1_init_q15.obj
c:\work\github_llf\graph_interpreter\stream_platform\windows\stream\debug\arm_stream_compressor.obj
c:\work\github_llf\graph_interpreter\stream_platform\windows\stream\debug\arm_stream_compressor_process.obj
c:\work\github_llf\graph_interpreter\stream_platform\windows\stream\debug\arm_stream_compressor_imadpcm.obj
c:\work\github_llf\graph_interpreter\stream_platform\windows\stream\debug\arm_stream_decompressor.obj
c:\work\github_llf\graph_interpreter\stream_platform\windows\stream\debug\arm_stream_decompressor_process.obj
c:\work\github_llf\graph_interpreter\stream_platform\windows\stream\debug\arm_stream_decompressor_imadpcm.obj
c:\work\github_llf\graph_interpreter\stream_platform\windows\stream\debug\arm_stream_detector.obj
c:\work\github_llf\graph_interpreter\stream_platform\windows\stream\debug\arm_stream_detector_process.obj
c:\work\github_llf\graph_interpreter\stream_platform\windows\stream\debug\arm_stream_filter.obj
c:\work\github_llf\graph_interpreter\stream_platform\windows\stream\debug\arm_stream_amplifier.obj
c:\work\github_llf\graph_interpreter\stream_platform\windows\stream\debug\arm_stream_amplifier_process.obj
c:\work\github_llf\graph_interpreter\stream_platform\windows\stream\debug\arm_stream_analysis.obj
c:\work\github_llf\graph_interpreter\stream_platform\windows\stream\debug\arm_stream_analysis_process.obj
c:\work\github_llf\graph_interpreter\stream_platform\windows\stream\debug\arm_stream_converter.obj
c:\work\github_llf\graph_interpreter\stream_platform\windows\stream\debug\arm_stream_converter_process.obj
c:\work\github_llf\graph_interpreter\stream_platform\windows\stream\debug\arm_stream_demodulator.obj
c:\work\github_llf\graph_interpreter\stream_platform\windows\stream\debug\arm_stream_demodulator_process.obj
c:\work\github_llf\graph_interpreter\stream_platform\windows\stream\debug\arm_stream_mixer.obj
c:\work\github_llf\graph_interpreter\stream_platform\windows\stream\debug\main_call.nativecodeanalysis.sarif
c:\work\github_llf\graph_interpreter\stream_platform\windows\stream\debug\main_call.nativecodeanalysis.xml
c:\work\github_llf\graph_interpreter\stream_platform\windows\stream\debug\main.nativecodeanalysis.sarif
c:\work\github_llf\graph_interpreter\stream_platform\windows\stream\debug\main.nativecodeanalysis.xml
c:\work\github_llf\graph_interpreter\stream_platform\windows\stream\debug\arm_stream_filter2d.nativecodeanalysis.sarif
c:\work\github_llf\graph_interpreter\stream_platform\windows\stream\debug\arm_stream_filter2d.nativecodeanalysis.xml
c:\work\github_llf\graph_interpreter\stream_platform\windows\stream\debug\arm_stream_detector2d_process.nativecodeanalysis.sarif
c:\work\github_llf\graph_interpreter\stream_platform\windows\stream\debug\arm_stream_detector2d_process.nativecodeanalysis.xml
c:\work\github_llf\graph_interpreter\stream_platform\windows\stream\debug\arm_stream_detector2d.nativecodeanalysis.sarif
c:\work\github_llf\graph_interpreter\stream_platform\windows\stream\debug\arm_stream_detector2d.nativecodeanalysis.xml
c:\work\github_llf\graph_interpreter\stream_platform\windows\stream\debug\arm_stream_split.nativecodeanalysis.sarif
c:\work\github_llf\graph_interpreter\stream_platform\windows\stream\debug\arm_stream_split.nativecodeanalysis.xml
c:\work\github_llf\graph_interpreter\stream_platform\windows\stream\debug\arm_stream_script_process.nativecodeanalysis.sarif
c:\work\github_llf\graph_interpreter\stream_platform\windows\stream\debug\arm_stream_script_process.nativecodeanalysis.xml
c:\work\github_llf\graph_interpreter\stream_platform\windows\stream\debug\arm_stream_script.nativecodeanalysis.sarif
c:\work\github_llf\graph_interpreter\stream_platform\windows\stream\debug\arm_stream_script.nativecodeanalysis.xml
c:\work\github_llf\graph_interpreter\stream_platform\windows\stream\debug\arm_stream_graph_control.nativecodeanalysis.sarif
c:\work\github_llf\graph_interpreter\stream_platform\windows\stream\debug\arm_stream_graph_control.nativecodeanalysis.xml
c:\work\github_llf\graph_interpreter\stream_platform\windows\stream\debug\arm_stream_router_process.nativecodeanalysis.sarif
c:\work\github_llf\graph_interpreter\stream_platform\windows\stream\debug\arm_stream_router_process.nativecodeanalysis.xml
c:\work\github_llf\graph_interpreter\stream_platform\windows\stream\debug\arm_stream_router.nativecodeanalysis.sarif
c:\work\github_llf\graph_interpreter\stream_platform\windows\stream\debug\arm_stream_router.nativecodeanalysis.xml
c:\work\github_llf\graph_interpreter\stream_platform\windows\stream\debug\arm_stream_rescaler_process.nativecodeanalysis.sarif
c:\work\github_llf\graph_interpreter\stream_platform\windows\stream\debug\arm_stream_rescaler_process.nativecodeanalysis.xml
c:\work\github_llf\graph_interpreter\stream_platform\windows\stream\debug\arm_stream_rescaler.nativecodeanalysis.sarif
c:\work\github_llf\graph_interpreter\stream_platform\windows\stream\debug\arm_stream_rescaler.nativecodeanalysis.xml
c:\work\github_llf\graph_interpreter\stream_platform\windows\stream\debug\arm_stream_resampler_process.nativecodeanalysis.sarif
c:\work\github_llf\graph_interpreter\stream_platform\windows\stream\debug\arm_stream_resampler_process.nativecodeanalysis.xml
c:\work\github_llf\graph_interpreter\stream_platform\windows\stream\debug\arm_stream_resampler.nativecodeanalysis.sarif
c:\work\github_llf\graph_interpreter\stream_platform\windows\stream\debug\arm_stream_resampler.nativecodeanalysis.xml
c:\work\github_llf\graph_interpreter\stream_platform\windows\stream\debug\arm_stream_qos_process.nativecodeanalysis.sarif
c:\work\github_llf\graph_interpreter\stream_platform\windows\stream\debug\arm_stream_qos_process.nativecodeanalysis.xml
c:\work\github_llf\graph_interpreter\stream_platform\windows\stream\debug\arm_stream_qos.nativecodeanalysis.sarif
c:\work\github_llf\graph_interpreter\stream_platform\windows\stream\debug\arm_stream_qos.nativecodeanalysis.xml
c:\work\github_llf\graph_interpreter\stream_platform\windows\stream\debug\arm_stream_modulator_process.nativecodeanalysis.sarif
c:\work\github_llf\graph_interpreter\stream_platform\windows\stream\debug\arm_stream_modulator_process.nativecodeanalysis.xml
c:\work\github_llf\graph_interpreter\stream_platform\windows\stream\debug\arm_stream_modulator.nativecodeanalysis.sarif
c:\work\github_llf\graph_interpreter\stream_platform\windows\stream\debug\arm_stream_modulator.nativecodeanalysis.xml
c:\work\github_llf\graph_interpreter\stream_platform\windows\stream\debug\arm_stream_mixer_process.nativecodeanalysis.sarif
c:\work\github_llf\graph_interpreter\stream_platform\windows\stream\debug\arm_stream_mixer_process.nativecodeanalysis.xml
c:\work\github_llf\graph_interpreter\stream_platform\windows\stream\debug\arm_stream_mixer_process.obj
c:\work\github_llf\graph_interpreter\stream_platform\windows\stream\debug\arm_stream_modulator.obj
c:\work\github_llf\graph_interpreter\stream_platform\windows\stream\debug\arm_stream_modulator_process.obj
c:\work\github_llf\graph_interpreter\stream_platform\windows\stream\debug\arm_stream_qos.obj
c:\work\github_llf\graph_interpreter\stream_platform\windows\stream\debug\arm_stream_qos_process.obj
c:\work\github_llf\graph_interpreter\stream_platform\windows\stream\debug\arm_stream_resampler.obj
c:\work\github_llf\graph_interpreter\stream_platform\windows\stream\debug\arm_stream_resampler_process.obj
c:\work\github_llf\graph_interpreter\stream_platform\windows\stream\debug\arm_stream_rescaler.obj
c:\work\github_llf\graph_interpreter\stream_platform\windows\stream\debug\arm_stream_rescaler_process.obj
c:\work\github_llf\graph_interpreter\stream_platform\windows\stream\debug\arm_stream_router.obj
c:\work\github_llf\graph_interpreter\stream_platform\windows\stream\debug\arm_stream_router_process.obj
c:\work\github_llf\graph_interpreter\stream_platform\windows\stream\debug\arm_stream_graph_control.obj
c:\work\github_llf\graph_interpreter\stream_platform\windows\stream\debug\arm_stream_script.obj
c:\work\github_llf\graph_interpreter\stream_platform\windows\stream\debug\arm_stream_script_process.obj
c:\work\github_llf\graph_interpreter\stream_platform\windows\stream\debug\arm_stream_split.obj
c:\work\github_llf\graph_interpreter\stream_platform\windows\stream\debug\arm_stream_detector2d.obj
c:\work\github_llf\graph_interpreter\stream_platform\windows\stream\debug\arm_stream_detector2d_process.obj
c:\work\github_llf\graph_interpreter\stream_platform\windows\stream\debug\arm_stream_filter2d.obj
c:\work\github_llf\graph_interpreter\stream_platform\windows\stream\debug\main.obj
c:\work\github_llf\graph_interpreter\stream_platform\windows\stream\debug\main_call.obj
c:\work\github_llf\graph_interpreter\stream_platform\windows\stream\debug\stream_services.nativecodeanalysis.sarif
c:\work\github_llf\graph_interpreter\stream_platform\windows\stream\debug\stream_services.nativecodeanalysis.xml
c:\work\github_llf\graph_interpreter\stream_platform\windows\stream\debug\stream_scheduler.nativecodeanalysis.sarif
c:\work\github_llf\graph_interpreter\stream_platform\windows\stream\debug\stream_scheduler.nativecodeanalysis.xml
c:\work\github_llf\graph_interpreter\stream_platform\windows\stream\debug\stream_io.nativecodeanalysis.sarif
c:\work\github_llf\graph_interpreter\stream_platform\windows\stream\debug\stream_io.nativecodeanalysis.xml
c:\work\github_llf\graph_interpreter\stream_platform\windows\stream\debug\stream_graph_interpreter.nativecodeanalysis.sarif
c:\work\github_llf\graph_interpreter\stream_platform\windows\stream\debug\stream_graph_interpreter.nativecodeanalysis.xml
c:\work\github_llf\graph_interpreter\stream_platform\windows\stream\debug\platform_computer_io_services.nativecodeanalysis.sarif
c:\work\github_llf\graph_interpreter\stream_platform\windows\stream\debug\platform_computer_io_services.nativecodeanalysis.xml
c:\work\github_llf\graph_interpreter\stream_platform\windows\stream\debug\platform_computer.nativecodeanalysis.sarif
c:\work\github_llf\graph_interpreter\stream_platform\windows\stream\debug\platform_computer.nativecodeanalysis.xml
c:\work\github_llf\graph_interpreter\stream_platform\windows\stream\debug\platform_computer.obj
c:\work\github_llf\graph_interpreter\stream_platform\windows\stream\debug\platform_computer_io_services.obj
c:\work\github_llf\graph_interpreter\stream_platform\windows\stream\debug\stream_graph_interpreter.obj
c:\work\github_llf\graph_interpreter\stream_platform\windows\stream\debug\stream_io.obj
c:\work\github_llf\graph_interpreter\stream_platform\windows\stream\debug\stream_scheduler.obj
c:\work\github_llf\graph_interpreter\stream_platform\windows\stream\debug\stream_services.obj
c:\work\github_llf\graph_interpreter\stream_platform\windows\stream\debug\stream.exe
c:\work\github_llf\graph_interpreter\stream_platform\windows\stream\debug\stream.ilk
c:\work\github_llf\graph_interpreter\stream_platform\windows\stream\debug\stream.pdb
c:\work\github_llf\graph_interpreter\stream_platform\windows\stream\debug\vc.nativecodeanalysis.all.xml
c:\work\github_llf\graph_interpreter\stream_platform\windows\stream\debug\stream.tlog\cl.command.1.tlog
c:\work\github_llf\graph_interpreter\stream_platform\windows\stream\debug\stream.tlog\cl.read.1.tlog
c:\work\github_llf\graph_interpreter\stream_platform\windows\stream\debug\stream.tlog\cl.write.1.tlog
c:\work\github_llf\graph_interpreter\stream_platform\windows\stream\debug\stream.tlog\link.command.1.tlog
c:\work\github_llf\graph_interpreter\stream_platform\windows\stream\debug\stream.tlog\link.read.1.tlog
c:\work\github_llf\graph_interpreter\stream_platform\windows\stream\debug\stream.tlog\link.write.1.tlog
