  arm_stream_amplifier.c
  arm_stream_amplifier_process.c
  arm_stream_analysis.c
  arm_stream_analysis_process.c
  arm_stream_demodulator.c
  arm_stream_demodulator_process.c
  arm_stream_filter2D.c
  arm_stream_filter.c
  arm_biquad_cascade_df1_fast_q15.c
  arm_biquad_cascade_df1_init_q15.c
  arm_stream_format_converter.c
  arm_stream_format_converter_process.c
  arm_stream_mixer.c
  arm_stream_mixer_process.c
  arm_stream_modulator.c
  arm_stream_modulator_process.c
  arm_stream_qos.c
  arm_stream_qos_process.c
  arm_stream_rescaler.c
  arm_stream_rescaler_process.c
  Generating Code...
  Compiling...
  arm_stream_router.c
  arm_stream_router_process.c
  arm_stream_graph_control.c
  arm_stream_script.c
  arm_stream_script_process.c
  arm_stream_split.c
  bitbank_JPEGENC.c
  tjpgd.c
  TjpgDec.c
  sigp_stream_compressor.c
  sigp_stream_compressor_imadpcm.c
  sigp_stream_compressor_process.c
  sigp_stream_converter.c
  sigp_stream_converter_coefs.c
  sigp_stream_converter_process.c
  sigp_stream_decompressor.c
  sigp_stream_decompressor_imadpcm.c
  sigp_stream_detector2D.c
  sigp_stream_detector2D_process.c
  sigp_stream_detector.c
  Generating Code...
  Compiling...
  sigp_stream_detector_process.c
  sigp_stream_resampler.c
  sigp_stream_resampler_process.c
  stream_graph_interpreter.c
  stream_io.c
  stream_scheduler.c
  main.c
  main_call_computer.c
  platform_computer.c
  platform_computer_io_services.c
  platform_services.c
  Computer_arm_biquad_cascade_df1_fast_q15.c
  Computer_arm_biquad_cascade_df1_init_q15.c
  Generating Code...
  vcpp_2019.vcxproj -> C:\Work\GITHUB_LLF\GRAPH_INTERPRETER\stream_platform\computer\vcpp_2019\Debug\vcpp_2019.exe
