c:\work\github_llf\graph_interpreter\stream_platform\computer\vcpp_2019\debug\vc142.pdb
c:\work\github_llf\graph_interpreter\stream_platform\computer\vcpp_2019\debug\vc142.idb
c:\work\github_llf\graph_interpreter\stream_platform\computer\vcpp_2019\debug\arm_stream_router.obj
c:\work\github_llf\graph_interpreter\stream_platform\computer\vcpp_2019\debug\arm_stream_rescaler_process.obj
c:\work\github_llf\graph_interpreter\stream_platform\computer\vcpp_2019\debug\arm_stream_rescaler.obj
c:\work\github_llf\graph_interpreter\stream_platform\computer\vcpp_2019\debug\arm_stream_qos_process.obj
c:\work\github_llf\graph_interpreter\stream_platform\computer\vcpp_2019\debug\arm_stream_qos.obj
c:\work\github_llf\graph_interpreter\stream_platform\computer\vcpp_2019\debug\arm_stream_modulator_process.obj
c:\work\github_llf\graph_interpreter\stream_platform\computer\vcpp_2019\debug\arm_stream_modulator.obj
c:\work\github_llf\graph_interpreter\stream_platform\computer\vcpp_2019\debug\arm_stream_mixer_process.obj
c:\work\github_llf\graph_interpreter\stream_platform\computer\vcpp_2019\debug\arm_stream_mixer.obj
c:\work\github_llf\graph_interpreter\stream_platform\computer\vcpp_2019\debug\arm_stream_format_converter_process.obj
c:\work\github_llf\graph_interpreter\stream_platform\computer\vcpp_2019\debug\arm_biquad_cascade_df1_init_q15.obj
c:\work\github_llf\graph_interpreter\stream_platform\computer\vcpp_2019\debug\arm_biquad_cascade_df1_fast_q15.obj
c:\work\github_llf\graph_interpreter\stream_platform\computer\vcpp_2019\debug\arm_stream_filter.obj
c:\work\github_llf\graph_interpreter\stream_platform\computer\vcpp_2019\debug\arm_stream_filter2d.obj
c:\work\github_llf\graph_interpreter\stream_platform\computer\vcpp_2019\debug\arm_stream_demodulator_process.obj
c:\work\github_llf\graph_interpreter\stream_platform\computer\vcpp_2019\debug\arm_stream_demodulator.obj
c:\work\github_llf\graph_interpreter\stream_platform\computer\vcpp_2019\debug\arm_stream_analysis_process.obj
c:\work\github_llf\graph_interpreter\stream_platform\computer\vcpp_2019\debug\arm_stream_analysis.obj
c:\work\github_llf\graph_interpreter\stream_platform\computer\vcpp_2019\debug\arm_stream_amplifier_process.obj
c:\work\github_llf\graph_interpreter\stream_platform\computer\vcpp_2019\debug\arm_stream_amplifier.obj
c:\work\github_llf\graph_interpreter\stream_platform\computer\vcpp_2019\debug\sigp_stream_resampler.obj
c:\work\github_llf\graph_interpreter\stream_platform\computer\vcpp_2019\debug\sigp_stream_detector_process.obj
c:\work\github_llf\graph_interpreter\stream_platform\computer\vcpp_2019\debug\sigp_stream_detector.obj
c:\work\github_llf\graph_interpreter\stream_platform\computer\vcpp_2019\debug\sigp_stream_detector2d_process.obj
c:\work\github_llf\graph_interpreter\stream_platform\computer\vcpp_2019\debug\sigp_stream_detector2d.obj
c:\work\github_llf\graph_interpreter\stream_platform\computer\vcpp_2019\debug\sigp_stream_decompressor_imadpcm.obj
c:\work\github_llf\graph_interpreter\stream_platform\computer\vcpp_2019\debug\sigp_stream_decompressor.obj
c:\work\github_llf\graph_interpreter\stream_platform\computer\vcpp_2019\debug\sigp_stream_converter_process.obj
c:\work\github_llf\graph_interpreter\stream_platform\computer\vcpp_2019\debug\sigp_stream_converter_coefs.obj
c:\work\github_llf\graph_interpreter\stream_platform\computer\vcpp_2019\debug\sigp_stream_converter.obj
c:\work\github_llf\graph_interpreter\stream_platform\computer\vcpp_2019\debug\sigp_stream_compressor_process.obj
c:\work\github_llf\graph_interpreter\stream_platform\computer\vcpp_2019\debug\sigp_stream_compressor_imadpcm.obj
c:\work\github_llf\graph_interpreter\stream_platform\computer\vcpp_2019\debug\sigp_stream_compressor.obj
c:\work\github_llf\graph_interpreter\stream_platform\computer\vcpp_2019\debug\tjpgd.obj
c:\work\github_llf\graph_interpreter\stream_platform\computer\vcpp_2019\debug\bitbank_jpegenc.obj
c:\work\github_llf\graph_interpreter\stream_platform\computer\vcpp_2019\debug\arm_stream_split.obj
c:\work\github_llf\graph_interpreter\stream_platform\computer\vcpp_2019\debug\arm_stream_script.obj
c:\work\github_llf\graph_interpreter\stream_platform\computer\vcpp_2019\debug\arm_stream_graph_control.obj
c:\work\github_llf\graph_interpreter\stream_platform\computer\vcpp_2019\debug\arm_stream_router_process.obj
c:\work\github_llf\graph_interpreter\stream_platform\computer\vcpp_2019\debug\platform_services.obj
c:\work\github_llf\graph_interpreter\stream_platform\computer\vcpp_2019\debug\platform_computer_io_services.obj
c:\work\github_llf\graph_interpreter\stream_platform\computer\vcpp_2019\debug\platform_computer.obj
c:\work\github_llf\graph_interpreter\stream_platform\computer\vcpp_2019\debug\main_call_computer.obj
c:\work\github_llf\graph_interpreter\stream_platform\computer\vcpp_2019\debug\main.obj
c:\work\github_llf\graph_interpreter\stream_platform\computer\vcpp_2019\debug\stream_scheduler.obj
c:\work\github_llf\graph_interpreter\stream_platform\computer\vcpp_2019\debug\stream_io.obj
c:\work\github_llf\graph_interpreter\stream_platform\computer\vcpp_2019\debug\stream_graph_interpreter.obj
c:\work\github_llf\graph_interpreter\stream_platform\computer\vcpp_2019\debug\sigp_stream_resampler_process.obj
c:\work\github_llf\graph_interpreter\stream_platform\computer\vcpp_2019\debug\computer_arm_biquad_cascade_df1_init_q15.obj
c:\work\github_llf\graph_interpreter\stream_platform\computer\vcpp_2019\debug\computer_arm_biquad_cascade_df1_fast_q15.obj
c:\work\github_llf\graph_interpreter\stream_platform\computer\vcpp_2019\debug\tjpgdec.obj
c:\work\github_llf\graph_interpreter\stream_platform\computer\vcpp_2019\debug\arm_stream_format_converter.obj
c:\work\github_llf\graph_interpreter\stream_platform\computer\vcpp_2019\debug\arm_stream_script_process.obj
c:\work\github_llf\graph_interpreter\stream_platform\computer\vcpp_2019\debug\vcpp_2019.exe
c:\work\github_llf\graph_interpreter\stream_platform\computer\vcpp_2019\debug\vcpp_2019.ilk
c:\work\github_llf\graph_interpreter\stream_platform\computer\vcpp_2019\debug\vcpp_2019.pdb
c:\work\github_llf\graph_interpreter\stream_platform\computer\vcpp_2019\debug\vcpp_2019.tlog\cl.command.1.tlog
c:\work\github_llf\graph_interpreter\stream_platform\computer\vcpp_2019\debug\vcpp_2019.tlog\cl.read.1.tlog
c:\work\github_llf\graph_interpreter\stream_platform\computer\vcpp_2019\debug\vcpp_2019.tlog\cl.write.1.tlog
c:\work\github_llf\graph_interpreter\stream_platform\computer\vcpp_2019\debug\vcpp_2019.tlog\link.command.1.tlog
c:\work\github_llf\graph_interpreter\stream_platform\computer\vcpp_2019\debug\vcpp_2019.tlog\link.read.1.tlog
c:\work\github_llf\graph_interpreter\stream_platform\computer\vcpp_2019\debug\vcpp_2019.tlog\link.write.1.tlog
